This is pdfTeX, Version 3.141592653-2.6-1.40.27 (MiKTeX 25.4) (preloaded format=pdflatex 2025.11.21)  21 NOV 2025 19:07
entering extended mode
 restricted \write18 enabled.
 %&-line parsing enabled.
**./titlepage.tex
(titlepage.tex
LaTeX2e <2025-11-01>
L3 programming layer <2025-10-24>

! LaTeX Error: Environment titlepage undefined.

See the LaTeX manual or LaTeX Companion for explanation.
Type  H <return>  for immediate help.
 ...                                              
                                                  
l.1 \begin{titlepage}
                     
Your command was ignored.
Type  I <command> <return>  to replace it with another command,
or  <return>  to continue without it.


! LaTeX Error: Missing \begin{document}.

See the LaTeX manual or LaTeX Companion for explanation.
Type  H <return>  for immediate help.
 ...                                              
                                                  
l.2 	\begin{center}
                   
You're in trouble here.  Try typing  <return>  to proceed.
If that doesn't work, type  X <return>  to quit.


Overfull \hbox (20.0pt too wide) in paragraph at lines 2--2
[] 
 []

! Undefined control sequence.
l.3 		\latintext
                {\includegraphics{images/Unipi.png}}
The control sequence at the end of the top line
of your error message was never \def'ed. If you have
misspelled it (e.g., `\hobx'), type `I' and the correct
spelling (e.g., `I\hbox'). Otherwise just continue,
and I'll forget about whatever was undefined.

! Undefined control sequence.
l.3 		\latintext{\includegraphics
                                 {images/Unipi.png}}
The control sequence at the end of the top line
of your error message was never \def'ed. If you have
misspelled it (e.g., `\hobx'), type `I' and the correct
spelling (e.g., `I\hbox'). Otherwise just continue,
and I'll forget about whatever was undefined.

Missing character: There is no i in font nullfont!
Missing character: There is no m in font nullfont!
Missing character: There is no a in font nullfont!
Missing character: There is no g in font nullfont!
Missing character: There is no e in font nullfont!
Missing character: There is no s in font nullfont!
Missing character: There is no / in font nullfont!
Missing character: There is no U in font nullfont!
Missing character: There is no n in font nullfont!
Missing character: There is no i in font nullfont!
Missing character: There is no p in font nullfont!
Missing character: There is no i in font nullfont!
Missing character: There is no . in font nullfont!
Missing character: There is no p in font nullfont!
Missing character: There is no n in font nullfont!
Missing character: There is no g in font nullfont!

LaTeX Font Warning: Font shape `OT1/cmr/m/n' in size <30> not available
(Font)              size <24.88> substituted on input line 6.


LaTeX Font Warning: Font shape `OT1/cmr/bx/n' in size <30> not available
(Font)              size <24.88> substituted on input line 6.


! LaTeX Error: Unicode character Î  (U+03A0)
               not set up for use with LaTeX.

See the LaTeX manual or LaTeX Companion for explanation.
Type  H <return>  for immediate help.
 ...                                              
                                                  
l.6 		{\fontsize{30}{30}\selectfont \bfseries Î 
                                                Î‘ÎÎ•Î Î™Î£Î¤Î—ÎœÎ™ÎŸ}
You may provide a definition with
\DeclareUnicodeCharacter 


! LaTeX Error: Unicode character Î‘ (U+0391)
               not set up for use with LaTeX.

See the LaTeX manual or LaTeX Companion for explanation.
Type  H <return>  for immediate help.
 ...                                              
                                                  
l.6 		{\fontsize{30}{30}\selectfont \bfseries Î Î‘
                                                  ÎÎ•Î Î™Î£Î¤Î—ÎœÎ™ÎŸ}
You may provide a definition with
\DeclareUnicodeCharacter 


! LaTeX Error: Unicode character Î (U+039D)
               not set up for use with LaTeX.

See the LaTeX manual or LaTeX Companion for explanation.
Type  H <return>  for immediate help.
 ...                                              
                                                  
l.6 ...ontsize{30}{30}\selectfont \bfseries Î Î‘Î
                                                  Î•Î Î™Î£Î¤Î—ÎœÎ™ÎŸ}
You may provide a definition with
\DeclareUnicodeCharacter 


! LaTeX Error: Unicode character Î• (U+0395)
               not set up for use with LaTeX.

See the LaTeX manual or LaTeX Companion for explanation.
Type  H <return>  for immediate help.
 ...                                              
                                                  
l.6 ...tsize{30}{30}\selectfont \bfseries Î Î‘ÎÎ•
                                                  Î Î™Î£Î¤Î—ÎœÎ™ÎŸ}
You may provide a definition with
\DeclareUnicodeCharacter 


! LaTeX Error: Unicode character Î  (U+03A0)
               not set up for use with LaTeX.

See the LaTeX manual or LaTeX Companion for explanation.
Type  H <return>  for immediate help.
 ...                                              
                                                  
l.6 ...ize{30}{30}\selectfont \bfseries Î Î‘ÎÎ•Î 
                                                  Î™Î£Î¤Î—ÎœÎ™ÎŸ}
You may provide a definition with
\DeclareUnicodeCharacter 


! LaTeX Error: Unicode character Î™ (U+0399)
               not set up for use with LaTeX.

See the LaTeX manual or LaTeX Companion for explanation.
Type  H <return>  for immediate help.
 ...                                              
                                                  
l.6 ...e{30}{30}\selectfont \bfseries Î Î‘ÎÎ•Î Î™
                                                  Î£Î¤Î—ÎœÎ™ÎŸ}
You may provide a definition with
\DeclareUnicodeCharacter 


! LaTeX Error: Unicode character Î£ (U+03A3)
               not set up for use with LaTeX.

See the LaTeX manual or LaTeX Companion for explanation.
Type  H <return>  for immediate help.
 ...                                              
                                                  
l.6 ...30}{30}\selectfont \bfseries Î Î‘ÎÎ•Î Î™Î£
                                                  Î¤Î—ÎœÎ™ÎŸ}
You may provide a definition with
\DeclareUnicodeCharacter 


! LaTeX Error: Unicode character Î¤ (U+03A4)
               not set up for use with LaTeX.

See the LaTeX manual or LaTeX Companion for explanation.
Type  H <return>  for immediate help.
 ...                                              
                                                  
l.6 ...}{30}\selectfont \bfseries Î Î‘ÎÎ•Î Î™Î£Î¤
                                                  Î—ÎœÎ™ÎŸ}
You may provide a definition with
\DeclareUnicodeCharacter 


! LaTeX Error: Unicode character Î— (U+0397)
               not set up for use with LaTeX.

See the LaTeX manual or LaTeX Companion for explanation.
Type  H <return>  for immediate help.
 ...                                              
                                                  
l.6 ...30}\selectfont \bfseries Î Î‘ÎÎ•Î Î™Î£Î¤Î—
                                                  ÎœÎ™ÎŸ}
You may provide a definition with
\DeclareUnicodeCharacter 


! LaTeX Error: Unicode character Îœ (U+039C)
               not set up for use with LaTeX.

See the LaTeX manual or LaTeX Companion for explanation.
Type  H <return>  for immediate help.
 ...                                              
                                                  
l.6 ...}\selectfont \bfseries Î Î‘ÎÎ•Î Î™Î£Î¤Î—Îœ
                                                  Î™ÎŸ}
You may provide a definition with
\DeclareUnicodeCharacter 


! LaTeX Error: Unicode character Î™ (U+0399)
               not set up for use with LaTeX.

See the LaTeX manual or LaTeX Companion for explanation.
Type  H <return>  for immediate help.
 ...                                              
                                                  
l.6 ...selectfont \bfseries Î Î‘ÎÎ•Î Î™Î£Î¤Î—ÎœÎ™
                                                  ÎŸ}
You may provide a definition with
\DeclareUnicodeCharacter 


! LaTeX Error: Unicode character ÎŸ (U+039F)
               not set up for use with LaTeX.

See the LaTeX manual or LaTeX Companion for explanation.
Type  H <return>  for immediate help.
 ...                                              
                                                  
l.6 ...lectfont \bfseries Î Î‘ÎÎ•Î Î™Î£Î¤Î—ÎœÎ™ÎŸ
                                                  }
You may provide a definition with
\DeclareUnicodeCharacter 


! LaTeX Error: There's no line here to end.

See the LaTeX manual or LaTeX Companion for explanation.
Type  H <return>  for immediate help.
 ...                                              
                                                  
l.7 		\\
        \vspace{5pt}
Your command was ignored.
Type  I <command> <return>  to replace it with another command,
or  <return>  to continue without it.


! LaTeX Error: Unicode character Î  (U+03A0)
               not set up for use with LaTeX.

See the LaTeX manual or LaTeX Companion for explanation.
Type  H <return>  for immediate help.
 ...                                              
                                                  
l.8 		{\fontsize{30}{30}\selectfont \bfseries Î 
                                                Î•Î™Î¡Î‘Î™Î©Î£}
You may provide a definition with
\DeclareUnicodeCharacter 


! LaTeX Error: Unicode character Î• (U+0395)
               not set up for use with LaTeX.

See the LaTeX manual or LaTeX Companion for explanation.
Type  H <return>  for immediate help.
 ...                                              
                                                  
l.8 		{\fontsize{30}{30}\selectfont \bfseries Î Î•
                                                  Î™Î¡Î‘Î™Î©Î£}
You may provide a definition with
\DeclareUnicodeCharacter 


! LaTeX Error: Unicode character Î™ (U+0399)
               not set up for use with LaTeX.

See the LaTeX manual or LaTeX Companion for explanation.
Type  H <return>  for immediate help.
 ...                                              
                                                  
l.8 ...ontsize{30}{30}\selectfont \bfseries Î Î•Î™
                                                  Î¡Î‘Î™Î©Î£}
You may provide a definition with
\DeclareUnicodeCharacter 


! LaTeX Error: Unicode character Î¡ (U+03A1)
               not set up for use with LaTeX.

See the LaTeX manual or LaTeX Companion for explanation.
Type  H <return>  for immediate help.
 ...                                              
                                                  
l.8 ...tsize{30}{30}\selectfont \bfseries Î Î•Î™Î¡
                                                  Î‘Î™Î©Î£}
You may provide a definition with
\DeclareUnicodeCharacter 


! LaTeX Error: Unicode character Î‘ (U+0391)
               not set up for use with LaTeX.

See the LaTeX manual or LaTeX Companion for explanation.
Type  H <return>  for immediate help.
 ...                                              
                                                  
l.8 ...ize{30}{30}\selectfont \bfseries Î Î•Î™Î¡Î‘
                                                  Î™Î©Î£}
You may provide a definition with
\DeclareUnicodeCharacter 


! LaTeX Error: Unicode character Î™ (U+0399)
               not set up for use with LaTeX.

See the LaTeX manual or LaTeX Companion for explanation.
Type  H <return>  for immediate help.
 ...                                              
                                                  
l.8 ...e{30}{30}\selectfont \bfseries Î Î•Î™Î¡Î‘Î™
                                                  Î©Î£}
You may provide a definition with
\DeclareUnicodeCharacter 


! LaTeX Error: Unicode character Î© (U+03A9)
               not set up for use with LaTeX.

See the LaTeX manual or LaTeX Companion for explanation.
Type  H <return>  for immediate help.
 ...                                              
                                                  
l.8 ...30}{30}\selectfont \bfseries Î Î•Î™Î¡Î‘Î™Î©
                                                  Î£}
You may provide a definition with
\DeclareUnicodeCharacter 


! LaTeX Error: Unicode character Î£ (U+03A3)
               not set up for use with LaTeX.

See the LaTeX manual or LaTeX Companion for explanation.
Type  H <return>  for immediate help.
 ...                                              
                                                  
l.8 ...}{30}\selectfont \bfseries Î Î•Î™Î¡Î‘Î™Î©Î£
                                                  }
You may provide a definition with
\DeclareUnicodeCharacter 


! LaTeX Error: There's no line here to end.

See the LaTeX manual or LaTeX Companion for explanation.
Type  H <return>  for immediate help.
 ...                                              
                                                  
l.9 		\\
        \vspace{25pt}
Your command was ignored.
Type  I <command> <return>  to replace it with another command,
or  <return>  to continue without it.

! Undefined control sequence.
l.10 		{\LARGE
               Î£Ï‡Î¿Î»Î® Î¤ÎµÏ‡Î½Î¿Î»Î¿Î³Î¹ÏÎ½ Î Î»Î·ÏÎ¿Ï†Î¿ÏÎ¹ÎºÎ®Ï‚ Îº...
The control sequence at the end of the top line
of your error message was never \def'ed. If you have
misspelled it (e.g., `\hobx'), type `I' and the correct
spelling (e.g., `I\hbox'). Otherwise just continue,
and I'll forget about whatever was undefined.


! LaTeX Error: Unicode character Î£ (U+03A3)
               not set up for use with LaTeX.

See the LaTeX manual or LaTeX Companion for explanation.
Type  H <return>  for immediate help.
 ...                                              
                                                  
l.10 		{\LARGE Î£
                 Ï‡Î¿Î»Î® Î¤ÎµÏ‡Î½Î¿Î»Î¿Î³Î¹ÏÎ½ Î Î»Î·ÏÎ¿Ï†Î¿ÏÎ¹ÎºÎ®Ï‚ Îº...

You may provide a definition with
\DeclareUnicodeCharacter 


! LaTeX Error: Unicode character Ï‡ (U+03C7)
               not set up for use with LaTeX.

See the LaTeX manual or LaTeX Companion for explanation.
Type  H <return>  for immediate help.
 ...                                              
                                                  
l.10 		{\LARGE Î£Ï‡
                   Î¿Î»Î® Î¤ÎµÏ‡Î½Î¿Î»Î¿Î³Î¹ÏÎ½ Î Î»Î·ÏÎ¿Ï†Î¿ÏÎ¹ÎºÎ®Ï‚ Îº...

You may provide a definition with
\DeclareUnicodeCharacter 


! LaTeX Error: Unicode character Î¿ (U+03BF)
               not set up for use with LaTeX.

See the LaTeX manual or LaTeX Companion for explanation.
Type  H <return>  for immediate help.
 ...                                              
                                                  
l.10 		{\LARGE Î£Ï‡Î¿
                     Î»Î® Î¤ÎµÏ‡Î½Î¿Î»Î¿Î³Î¹ÏÎ½ Î Î»Î·ÏÎ¿Ï†Î¿ÏÎ¹ÎºÎ®Ï‚ Îº...

You may provide a definition with
\DeclareUnicodeCharacter 


! LaTeX Error: Unicode character Î» (U+03BB)
               not set up for use with LaTeX.

See the LaTeX manual or LaTeX Companion for explanation.
Type  H <return>  for immediate help.
 ...                                              
                                                  
l.10 		{\LARGE Î£Ï‡Î¿Î»
                       Î® Î¤ÎµÏ‡Î½Î¿Î»Î¿Î³Î¹ÏÎ½ Î Î»Î·ÏÎ¿Ï†Î¿ÏÎ¹ÎºÎ®Ï‚ Îº...

You may provide a definition with
\DeclareUnicodeCharacter 


! LaTeX Error: Unicode character Î® (U+03AE)
               not set up for use with LaTeX.

See the LaTeX manual or LaTeX Companion for explanation.
Type  H <return>  for immediate help.
 ...                                              
                                                  
l.10 		{\LARGE Î£Ï‡Î¿Î»Î®
                          Î¤ÎµÏ‡Î½Î¿Î»Î¿Î³Î¹ÏÎ½ Î Î»Î·ÏÎ¿Ï†Î¿ÏÎ¹ÎºÎ®Ï‚ Îº...

You may provide a definition with
\DeclareUnicodeCharacter 


! LaTeX Error: Unicode character Î¤ (U+03A4)
               not set up for use with LaTeX.

See the LaTeX manual or LaTeX Companion for explanation.
Type  H <return>  for immediate help.
 ...                                              
                                                  
l.10 		{\LARGE Î£Ï‡Î¿Î»Î® Î¤
                            ÎµÏ‡Î½Î¿Î»Î¿Î³Î¹ÏÎ½ Î Î»Î·ÏÎ¿Ï†Î¿ÏÎ¹ÎºÎ®Ï‚ Îº...

You may provide a definition with
\DeclareUnicodeCharacter 


! LaTeX Error: Unicode character Îµ (U+03B5)
               not set up for use with LaTeX.

See the LaTeX manual or LaTeX Companion for explanation.
Type  H <return>  for immediate help.
 ...                                              
                                                  
l.10 		{\LARGE Î£Ï‡Î¿Î»Î® Î¤Îµ
                              Ï‡Î½Î¿Î»Î¿Î³Î¹ÏÎ½ Î Î»Î·ÏÎ¿Ï†Î¿ÏÎ¹ÎºÎ®Ï‚ Îº...

You may provide a definition with
\DeclareUnicodeCharacter 


! LaTeX Error: Unicode character Ï‡ (U+03C7)
               not set up for use with LaTeX.

See the LaTeX manual or LaTeX Companion for explanation.
Type  H <return>  for immediate help.
 ...                                              
                                                  
l.10 		{\LARGE Î£Ï‡Î¿Î»Î® Î¤ÎµÏ‡
                                Î½Î¿Î»Î¿Î³Î¹ÏÎ½ Î Î»Î·ÏÎ¿Ï†Î¿ÏÎ¹ÎºÎ®Ï‚ Îº...

You may provide a definition with
\DeclareUnicodeCharacter 


! LaTeX Error: Unicode character Î½ (U+03BD)
               not set up for use with LaTeX.

See the LaTeX manual or LaTeX Companion for explanation.
Type  H <return>  for immediate help.
 ...                                              
                                                  
l.10 		{\LARGE Î£Ï‡Î¿Î»Î® Î¤ÎµÏ‡Î½
                                  Î¿Î»Î¿Î³Î¹ÏÎ½ Î Î»Î·ÏÎ¿Ï†Î¿ÏÎ¹ÎºÎ®Ï‚ Îº...

You may provide a definition with
\DeclareUnicodeCharacter 


! LaTeX Error: Unicode character Î¿ (U+03BF)
               not set up for use with LaTeX.

See the LaTeX manual or LaTeX Companion for explanation.
Type  H <return>  for immediate help.
 ...                                              
                                                  
l.10 		{\LARGE Î£Ï‡Î¿Î»Î® Î¤ÎµÏ‡Î½Î¿
                                    Î»Î¿Î³Î¹ÏÎ½ Î Î»Î·ÏÎ¿Ï†Î¿ÏÎ¹ÎºÎ®Ï‚ Îº...

You may provide a definition with
\DeclareUnicodeCharacter 


! LaTeX Error: Unicode character Î» (U+03BB)
               not set up for use with LaTeX.

See the LaTeX manual or LaTeX Companion for explanation.
Type  H <return>  for immediate help.
 ...                                              
                                                  
l.10 		{\LARGE Î£Ï‡Î¿Î»Î® Î¤ÎµÏ‡Î½Î¿Î»
                                      Î¿Î³Î¹ÏÎ½ Î Î»Î·ÏÎ¿Ï†Î¿ÏÎ¹ÎºÎ®Ï‚ Îº...

You may provide a definition with
\DeclareUnicodeCharacter 


! LaTeX Error: Unicode character Î¿ (U+03BF)
               not set up for use with LaTeX.

See the LaTeX manual or LaTeX Companion for explanation.
Type  H <return>  for immediate help.
 ...                                              
                                                  
l.10 		{\LARGE Î£Ï‡Î¿Î»Î® Î¤ÎµÏ‡Î½Î¿Î»Î¿
                                        Î³Î¹ÏÎ½ Î Î»Î·ÏÎ¿Ï†Î¿ÏÎ¹ÎºÎ®Ï‚ Îº...

You may provide a definition with
\DeclareUnicodeCharacter 


! LaTeX Error: Unicode character Î³ (U+03B3)
               not set up for use with LaTeX.

See the LaTeX manual or LaTeX Companion for explanation.
Type  H <return>  for immediate help.
 ...                                              
                                                  
l.10 		{\LARGE Î£Ï‡Î¿Î»Î® Î¤ÎµÏ‡Î½Î¿Î»Î¿Î³
                                          Î¹ÏÎ½ Î Î»Î·ÏÎ¿Ï†Î¿ÏÎ¹ÎºÎ®Ï‚ Îº...

You may provide a definition with
\DeclareUnicodeCharacter 


! LaTeX Error: Unicode character Î¹ (U+03B9)
               not set up for use with LaTeX.

See the LaTeX manual or LaTeX Companion for explanation.
Type  H <return>  for immediate help.
 ...                                              
                                                  
l.10 		{\LARGE Î£Ï‡Î¿Î»Î® Î¤ÎµÏ‡Î½Î¿Î»Î¿Î³Î¹
                                            ÏÎ½ Î Î»Î·ÏÎ¿Ï†Î¿ÏÎ¹ÎºÎ®Ï‚ Îº...

You may provide a definition with
\DeclareUnicodeCharacter 


! LaTeX Error: Unicode character Ï (U+03CE)
               not set up for use with LaTeX.

See the LaTeX manual or LaTeX Companion for explanation.
Type  H <return>  for immediate help.
 ...                                              
                                                  
l.10 		{\LARGE Î£Ï‡Î¿Î»Î® Î¤ÎµÏ‡Î½Î¿Î»Î¿Î³Î¹Ï
                                              Î½ Î Î»Î·ÏÎ¿Ï†Î¿ÏÎ¹ÎºÎ®Ï‚ Îº...

You may provide a definition with
\DeclareUnicodeCharacter 


! LaTeX Error: Unicode character Î½ (U+03BD)
               not set up for use with LaTeX.

See the LaTeX manual or LaTeX Companion for explanation.
Type  H <return>  for immediate help.
 ...                                              
                                                  
l.10 		{\LARGE Î£Ï‡Î¿Î»Î® Î¤ÎµÏ‡Î½Î¿Î»Î¿Î³Î¹ÏÎ½
                                                 Î Î»Î·ÏÎ¿Ï†Î¿ÏÎ¹ÎºÎ®Ï‚ Îº...

You may provide a definition with
\DeclareUnicodeCharacter 


! LaTeX Error: Unicode character Î  (U+03A0)
               not set up for use with LaTeX.

See the LaTeX manual or LaTeX Companion for explanation.
Type  H <return>  for immediate help.
 ...                                              
                                                  
l.10 ...LARGE Î£Ï‡Î¿Î»Î® Î¤ÎµÏ‡Î½Î¿Î»Î¿Î³Î¹ÏÎ½ Î 
                                                  Î»Î·ÏÎ¿Ï†Î¿ÏÎ¹ÎºÎ®Ï‚ ÎºÎ...

You may provide a definition with
\DeclareUnicodeCharacter 


! LaTeX Error: Unicode character Î» (U+03BB)
               not set up for use with LaTeX.

See the LaTeX manual or LaTeX Companion for explanation.
Type  H <return>  for immediate help.
 ...                                              
                                                  
l.10 ...RGE Î£Ï‡Î¿Î»Î® Î¤ÎµÏ‡Î½Î¿Î»Î¿Î³Î¹ÏÎ½ Î Î»
                                                  Î·ÏÎ¿Ï†Î¿ÏÎ¹ÎºÎ®Ï‚ ÎºÎ±Î...

You may provide a definition with
\DeclareUnicodeCharacter 


! LaTeX Error: Unicode character Î· (U+03B7)
               not set up for use with LaTeX.

See the LaTeX manual or LaTeX Companion for explanation.
Type  H <return>  for immediate help.
 ...                                              
                                                  
l.10 ...E Î£Ï‡Î¿Î»Î® Î¤ÎµÏ‡Î½Î¿Î»Î¿Î³Î¹ÏÎ½ Î Î»Î·
                                                  ÏÎ¿Ï†Î¿ÏÎ¹ÎºÎ®Ï‚ ÎºÎ±Î¹ ...

You may provide a definition with
\DeclareUnicodeCharacter 


! LaTeX Error: Unicode character Ï (U+03C1)
               not set up for use with LaTeX.

See the LaTeX manual or LaTeX Companion for explanation.
Type  H <return>  for immediate help.
 ...                                              
                                                  
l.10 ...Î£Ï‡Î¿Î»Î® Î¤ÎµÏ‡Î½Î¿Î»Î¿Î³Î¹ÏÎ½ Î Î»Î·Ï
                                                  Î¿Ï†Î¿ÏÎ¹ÎºÎ®Ï‚ ÎºÎ±Î¹ Î•...

You may provide a definition with
\DeclareUnicodeCharacter 


! LaTeX Error: Unicode character Î¿ (U+03BF)
               not set up for use with LaTeX.

See the LaTeX manual or LaTeX Companion for explanation.
Type  H <return>  for immediate help.
 ...                                              
                                                  
l.10 ...Ï‡Î¿Î»Î® Î¤ÎµÏ‡Î½Î¿Î»Î¿Î³Î¹ÏÎ½ Î Î»Î·ÏÎ¿
                                                  Ï†Î¿ÏÎ¹ÎºÎ®Ï‚ ÎºÎ±Î¹ Î•Ï€...

You may provide a definition with
\DeclareUnicodeCharacter 


! LaTeX Error: Unicode character Ï† (U+03C6)
               not set up for use with LaTeX.

See the LaTeX manual or LaTeX Companion for explanation.
Type  H <return>  for immediate help.
 ...                                              
                                                  
l.10 ...Î¿Î»Î® Î¤ÎµÏ‡Î½Î¿Î»Î¿Î³Î¹ÏÎ½ Î Î»Î·ÏÎ¿Ï†
                                                  Î¿ÏÎ¹ÎºÎ®Ï‚ ÎºÎ±Î¹ Î•Ï€Î¹...

You may provide a definition with
\DeclareUnicodeCharacter 


! LaTeX Error: Unicode character Î¿ (U+03BF)
               not set up for use with LaTeX.

See the LaTeX manual or LaTeX Companion for explanation.
Type  H <return>  for immediate help.
 ...                                              
                                                  
l.10 ...Î»Î® Î¤ÎµÏ‡Î½Î¿Î»Î¿Î³Î¹ÏÎ½ Î Î»Î·ÏÎ¿Ï†Î¿
                                                  ÏÎ¹ÎºÎ®Ï‚ ÎºÎ±Î¹ Î•Ï€Î¹Îº...

You may provide a definition with
\DeclareUnicodeCharacter 


! LaTeX Error: Unicode character Ï (U+03C1)
               not set up for use with LaTeX.

See the LaTeX manual or LaTeX Companion for explanation.
Type  H <return>  for immediate help.
 ...                                              
                                                  
l.10 ...Î® Î¤ÎµÏ‡Î½Î¿Î»Î¿Î³Î¹ÏÎ½ Î Î»Î·ÏÎ¿Ï†Î¿Ï
                                                  Î¹ÎºÎ®Ï‚ ÎºÎ±Î¹ Î•Ï€Î¹ÎºÎ¿...

You may provide a definition with
\DeclareUnicodeCharacter 


! LaTeX Error: Unicode character Î¹ (U+03B9)
               not set up for use with LaTeX.

See the LaTeX manual or LaTeX Companion for explanation.
Type  H <return>  for immediate help.
 ...                                              
                                                  
l.10 ... Î¤ÎµÏ‡Î½Î¿Î»Î¿Î³Î¹ÏÎ½ Î Î»Î·ÏÎ¿Ï†Î¿ÏÎ¹
                                                  ÎºÎ®Ï‚ ÎºÎ±Î¹ Î•Ï€Î¹ÎºÎ¿Î¹...

You may provide a definition with
\DeclareUnicodeCharacter 


! LaTeX Error: Unicode character Îº (U+03BA)
               not set up for use with LaTeX.

See the LaTeX manual or LaTeX Companion for explanation.
Type  H <return>  for immediate help.
 ...                                              
                                                  
l.10 ...¤ÎµÏ‡Î½Î¿Î»Î¿Î³Î¹ÏÎ½ Î Î»Î·ÏÎ¿Ï†Î¿ÏÎ¹Îº
                                                  Î®Ï‚ ÎºÎ±Î¹ Î•Ï€Î¹ÎºÎ¿Î¹Î½...

You may provide a definition with
\DeclareUnicodeCharacter 


! LaTeX Error: Unicode character Î® (U+03AE)
               not set up for use with LaTeX.

See the LaTeX manual or LaTeX Companion for explanation.
Type  H <return>  for immediate help.
 ...                                              
                                                  
l.10 ...µÏ‡Î½Î¿Î»Î¿Î³Î¹ÏÎ½ Î Î»Î·ÏÎ¿Ï†Î¿ÏÎ¹ÎºÎ®
                                                  Ï‚ ÎºÎ±Î¹ Î•Ï€Î¹ÎºÎ¿Î¹Î½Ï‰...

You may provide a definition with
\DeclareUnicodeCharacter 


! LaTeX Error: Unicode character Ï‚ (U+03C2)
               not set up for use with LaTeX.

See the LaTeX manual or LaTeX Companion for explanation.
Type  H <return>  for immediate help.
 ...                                              
                                                  
l.10 ...‡Î½Î¿Î»Î¿Î³Î¹ÏÎ½ Î Î»Î·ÏÎ¿Ï†Î¿ÏÎ¹ÎºÎ®Ï‚
                                                   ÎºÎ±Î¹ Î•Ï€Î¹ÎºÎ¿Î¹Î½Ï‰Î½...

You may provide a definition with
\DeclareUnicodeCharacter 


! LaTeX Error: Unicode character Îº (U+03BA)
               not set up for use with LaTeX.

See the LaTeX manual or LaTeX Companion for explanation.
Type  H <return>  for immediate help.
 ...                                              
                                                  
l.10 ...Î¿Î»Î¿Î³Î¹ÏÎ½ Î Î»Î·ÏÎ¿Ï†Î¿ÏÎ¹ÎºÎ®Ï‚ Îº
                                                  Î±Î¹ Î•Ï€Î¹ÎºÎ¿Î¹Î½Ï‰Î½Î¹Ï...

You may provide a definition with
\DeclareUnicodeCharacter 


! LaTeX Error: Unicode character Î± (U+03B1)
               not set up for use with LaTeX.

See the LaTeX manual or LaTeX Companion for explanation.
Type  H <return>  for immediate help.
 ...                                              
                                                  
l.10 ...Î»Î¿Î³Î¹ÏÎ½ Î Î»Î·ÏÎ¿Ï†Î¿ÏÎ¹ÎºÎ®Ï‚ ÎºÎ±
                                                  Î¹ Î•Ï€Î¹ÎºÎ¿Î¹Î½Ï‰Î½Î¹ÏÎ½}
You may provide a definition with
\DeclareUnicodeCharacter 


! LaTeX Error: Unicode character Î¹ (U+03B9)
               not set up for use with LaTeX.

See the LaTeX manual or LaTeX Companion for explanation.
Type  H <return>  for immediate help.
 ...                                              
                                                  
l.10 ...Î¿Î³Î¹ÏÎ½ Î Î»Î·ÏÎ¿Ï†Î¿ÏÎ¹ÎºÎ®Ï‚ ÎºÎ±Î¹
                                                   Î•Ï€Î¹ÎºÎ¿Î¹Î½Ï‰Î½Î¹ÏÎ½}
You may provide a definition with
\DeclareUnicodeCharacter 


! LaTeX Error: Unicode character Î• (U+0395)
               not set up for use with LaTeX.

See the LaTeX manual or LaTeX Companion for explanation.
Type  H <return>  for immediate help.
 ...                                              
                                                  
l.10 ...³Î¹ÏÎ½ Î Î»Î·ÏÎ¿Ï†Î¿ÏÎ¹ÎºÎ®Ï‚ ÎºÎ±Î¹ Î•
                                                  Ï€Î¹ÎºÎ¿Î¹Î½Ï‰Î½Î¹ÏÎ½}
You may provide a definition with
\DeclareUnicodeCharacter 


! LaTeX Error: Unicode character Ï€ (U+03C0)
               not set up for use with LaTeX.

See the LaTeX manual or LaTeX Companion for explanation.
Type  H <return>  for immediate help.
 ...                                              
                                                  
l.10 ...¹ÏÎ½ Î Î»Î·ÏÎ¿Ï†Î¿ÏÎ¹ÎºÎ®Ï‚ ÎºÎ±Î¹ Î•Ï€
                                                  Î¹ÎºÎ¿Î¹Î½Ï‰Î½Î¹ÏÎ½}
You may provide a definition with
\DeclareUnicodeCharacter 


! LaTeX Error: Unicode character Î¹ (U+03B9)
               not set up for use with LaTeX.

See the LaTeX manual or LaTeX Companion for explanation.
Type  H <return>  for immediate help.
 ...                                              
                                                  
l.10 ...Î½ Î Î»Î·ÏÎ¿Ï†Î¿ÏÎ¹ÎºÎ®Ï‚ ÎºÎ±Î¹ Î•Ï€Î¹
                                                  ÎºÎ¿Î¹Î½Ï‰Î½Î¹ÏÎ½}
You may provide a definition with
\DeclareUnicodeCharacter 


! LaTeX Error: Unicode character Îº (U+03BA)
               not set up for use with LaTeX.

See the LaTeX manual or LaTeX Companion for explanation.
Type  H <return>  for immediate help.
 ...                                              
                                                  
l.10 ...½ Î Î»Î·ÏÎ¿Ï†Î¿ÏÎ¹ÎºÎ®Ï‚ ÎºÎ±Î¹ Î•Ï€Î¹Îº
                                                  Î¿Î¹Î½Ï‰Î½Î¹ÏÎ½}
You may provide a definition with
\DeclareUnicodeCharacter 


! LaTeX Error: Unicode character Î¿ (U+03BF)
               not set up for use with LaTeX.

See the LaTeX manual or LaTeX Companion for explanation.
Type  H <return>  for immediate help.
 ...                                              
                                                  
l.10 ...Î Î»Î·ÏÎ¿Ï†Î¿ÏÎ¹ÎºÎ®Ï‚ ÎºÎ±Î¹ Î•Ï€Î¹ÎºÎ¿
                                                  Î¹Î½Ï‰Î½Î¹ÏÎ½}
You may provide a definition with
\DeclareUnicodeCharacter 


! LaTeX Error: Unicode character Î¹ (U+03B9)
               not set up for use with LaTeX.

See the LaTeX manual or LaTeX Companion for explanation.
Type  H <return>  for immediate help.
 ...                                              
                                                  
l.10 ...Î»Î·ÏÎ¿Ï†Î¿ÏÎ¹ÎºÎ®Ï‚ ÎºÎ±Î¹ Î•Ï€Î¹ÎºÎ¿Î¹
                                                  Î½Ï‰Î½Î¹ÏÎ½}
You may provide a definition with
\DeclareUnicodeCharacter 


! LaTeX Error: Unicode character Î½ (U+03BD)
               not set up for use with LaTeX.

See the LaTeX manual or LaTeX Companion for explanation.
Type  H <return>  for immediate help.
 ...                                              
                                                  
l.10 ...Î·ÏÎ¿Ï†Î¿ÏÎ¹ÎºÎ®Ï‚ ÎºÎ±Î¹ Î•Ï€Î¹ÎºÎ¿Î¹Î½
                                                  Ï‰Î½Î¹ÏÎ½}
You may provide a definition with
\DeclareUnicodeCharacter 


! LaTeX Error: Unicode character Ï‰ (U+03C9)
               not set up for use with LaTeX.

See the LaTeX manual or LaTeX Companion for explanation.
Type  H <return>  for immediate help.
 ...                                              
                                                  
l.10 ...ÏÎ¿Ï†Î¿ÏÎ¹ÎºÎ®Ï‚ ÎºÎ±Î¹ Î•Ï€Î¹ÎºÎ¿Î¹Î½Ï‰
                                                  Î½Î¹ÏÎ½}
You may provide a definition with
\DeclareUnicodeCharacter 


! LaTeX Error: Unicode character Î½ (U+03BD)
               not set up for use with LaTeX.

See the LaTeX manual or LaTeX Companion for explanation.
Type  H <return>  for immediate help.
 ...                                              
                                                  
l.10 ...Î¿Ï†Î¿ÏÎ¹ÎºÎ®Ï‚ ÎºÎ±Î¹ Î•Ï€Î¹ÎºÎ¿Î¹Î½Ï‰Î½
                                                  Î¹ÏÎ½}
You may provide a definition with
\DeclareUnicodeCharacter 


! LaTeX Error: Unicode character Î¹ (U+03B9)
               not set up for use with LaTeX.

See the LaTeX manual or LaTeX Companion for explanation.
Type  H <return>  for immediate help.
 ...                                              
                                                  
l.10 ...Ï†Î¿ÏÎ¹ÎºÎ®Ï‚ ÎºÎ±Î¹ Î•Ï€Î¹ÎºÎ¿Î¹Î½Ï‰Î½Î¹
                                                  ÏÎ½}
You may provide a definition with
\DeclareUnicodeCharacter 


! LaTeX Error: Unicode character Ï (U+03CE)
               not set up for use with LaTeX.

See the LaTeX manual or LaTeX Companion for explanation.
Type  H <return>  for immediate help.
 ...                                              
                                                  
l.10 ...Î¿ÏÎ¹ÎºÎ®Ï‚ ÎºÎ±Î¹ Î•Ï€Î¹ÎºÎ¿Î¹Î½Ï‰Î½Î¹Ï
                                                  Î½}
You may provide a definition with
\DeclareUnicodeCharacter 


! LaTeX Error: Unicode character Î½ (U+03BD)
               not set up for use with LaTeX.

See the LaTeX manual or LaTeX Companion for explanation.
Type  H <return>  for immediate help.
 ...                                              
                                                  
l.10 ...ÏÎ¹ÎºÎ®Ï‚ ÎºÎ±Î¹ Î•Ï€Î¹ÎºÎ¿Î¹Î½Ï‰Î½Î¹ÏÎ½
                                                  }
You may provide a definition with
\DeclareUnicodeCharacter 


! LaTeX Error: There's no line here to end.

See the LaTeX manual or LaTeX Companion for explanation.
Type  H <return>  for immediate help.
 ...                                              
                                                  
l.11 		\\
         \vspace{15pt}
Your command was ignored.
Type  I <command> <return>  to replace it with another command,
or  <return>  to continue without it.

! Undefined control sequence.
l.12 		{\LARGE
               Î¤Î¼Î®Î¼Î± Î Î»Î·ÏÎ¿Ï†Î¿ÏÎ¹ÎºÎ®Ï‚}
The control sequence at the end of the top line
of your error message was never \def'ed. If you have
misspelled it (e.g., `\hobx'), type `I' and the correct
spelling (e.g., `I\hbox'). Otherwise just continue,
and I'll forget about whatever was undefined.


! LaTeX Error: Unicode character Î¤ (U+03A4)
               not set up for use with LaTeX.

See the LaTeX manual or LaTeX Companion for explanation.
Type  H <return>  for immediate help.
 ...                                              
                                                  
l.12 		{\LARGE Î¤
                 Î¼Î®Î¼Î± Î Î»Î·ÏÎ¿Ï†Î¿ÏÎ¹ÎºÎ®Ï‚}
You may provide a definition with
\DeclareUnicodeCharacter 


! LaTeX Error: Unicode character Î¼ (U+03BC)
               not set up for use with LaTeX.

See the LaTeX manual or LaTeX Companion for explanation.
Type  H <return>  for immediate help.
 ...                                              
                                                  
l.12 		{\LARGE Î¤Î¼
                   Î®Î¼Î± Î Î»Î·ÏÎ¿Ï†Î¿ÏÎ¹ÎºÎ®Ï‚}
You may provide a definition with
\DeclareUnicodeCharacter 


! LaTeX Error: Unicode character Î® (U+03AE)
               not set up for use with LaTeX.

See the LaTeX manual or LaTeX Companion for explanation.
Type  H <return>  for immediate help.
 ...                                              
                                                  
l.12 		{\LARGE Î¤Î¼Î®
                     Î¼Î± Î Î»Î·ÏÎ¿Ï†Î¿ÏÎ¹ÎºÎ®Ï‚}
You may provide a definition with
\DeclareUnicodeCharacter 


! LaTeX Error: Unicode character Î¼ (U+03BC)
               not set up for use with LaTeX.

See the LaTeX manual or LaTeX Companion for explanation.
Type  H <return>  for immediate help.
 ...                                              
                                                  
l.12 		{\LARGE Î¤Î¼Î®Î¼
                       Î± Î Î»Î·ÏÎ¿Ï†Î¿ÏÎ¹ÎºÎ®Ï‚}
You may provide a definition with
\DeclareUnicodeCharacter 


! LaTeX Error: Unicode character Î± (U+03B1)
               not set up for use with LaTeX.

See the LaTeX manual or LaTeX Companion for explanation.
Type  H <return>  for immediate help.
 ...                                              
                                                  
l.12 		{\LARGE Î¤Î¼Î®Î¼Î±
                          Î Î»Î·ÏÎ¿Ï†Î¿ÏÎ¹ÎºÎ®Ï‚}
You may provide a definition with
\DeclareUnicodeCharacter 


! LaTeX Error: Unicode character Î  (U+03A0)
               not set up for use with LaTeX.

See the LaTeX manual or LaTeX Companion for explanation.
Type  H <return>  for immediate help.
 ...                                              
                                                  
l.12 		{\LARGE Î¤Î¼Î®Î¼Î± Î 
                            Î»Î·ÏÎ¿Ï†Î¿ÏÎ¹ÎºÎ®Ï‚}
You may provide a definition with
\DeclareUnicodeCharacter 


! LaTeX Error: Unicode character Î» (U+03BB)
               not set up for use with LaTeX.

See the LaTeX manual or LaTeX Companion for explanation.
Type  H <return>  for immediate help.
 ...                                              
                                                  
l.12 		{\LARGE Î¤Î¼Î®Î¼Î± Î Î»
                              Î·ÏÎ¿Ï†Î¿ÏÎ¹ÎºÎ®Ï‚}
You may provide a definition with
\DeclareUnicodeCharacter 


! LaTeX Error: Unicode character Î· (U+03B7)
               not set up for use with LaTeX.

See the LaTeX manual or LaTeX Companion for explanation.
Type  H <return>  for immediate help.
 ...                                              
                                                  
l.12 		{\LARGE Î¤Î¼Î®Î¼Î± Î Î»Î·
                                ÏÎ¿Ï†Î¿ÏÎ¹ÎºÎ®Ï‚}
You may provide a definition with
\DeclareUnicodeCharacter 


! LaTeX Error: Unicode character Ï (U+03C1)
               not set up for use with LaTeX.

See the LaTeX manual or LaTeX Companion for explanation.
Type  H <return>  for immediate help.
 ...                                              
                                                  
l.12 		{\LARGE Î¤Î¼Î®Î¼Î± Î Î»Î·Ï
                                  Î¿Ï†Î¿ÏÎ¹ÎºÎ®Ï‚}
You may provide a definition with
\DeclareUnicodeCharacter 


! LaTeX Error: Unicode character Î¿ (U+03BF)
               not set up for use with LaTeX.

See the LaTeX manual or LaTeX Companion for explanation.
Type  H <return>  for immediate help.
 ...                                              
                                                  
l.12 		{\LARGE Î¤Î¼Î®Î¼Î± Î Î»Î·ÏÎ¿
                                    Ï†Î¿ÏÎ¹ÎºÎ®Ï‚}
You may provide a definition with
\DeclareUnicodeCharacter 


! LaTeX Error: Unicode character Ï† (U+03C6)
               not set up for use with LaTeX.

See the LaTeX manual or LaTeX Companion for explanation.
Type  H <return>  for immediate help.
 ...                                              
                                                  
l.12 		{\LARGE Î¤Î¼Î®Î¼Î± Î Î»Î·ÏÎ¿Ï†
                                      Î¿ÏÎ¹ÎºÎ®Ï‚}
You may provide a definition with
\DeclareUnicodeCharacter 


! LaTeX Error: Unicode character Î¿ (U+03BF)
               not set up for use with LaTeX.

See the LaTeX manual or LaTeX Companion for explanation.
Type  H <return>  for immediate help.
 ...                                              
                                                  
l.12 		{\LARGE Î¤Î¼Î®Î¼Î± Î Î»Î·ÏÎ¿Ï†Î¿
                                        ÏÎ¹ÎºÎ®Ï‚}
You may provide a definition with
\DeclareUnicodeCharacter 


! LaTeX Error: Unicode character Ï (U+03C1)
               not set up for use with LaTeX.

See the LaTeX manual or LaTeX Companion for explanation.
Type  H <return>  for immediate help.
 ...                                              
                                                  
l.12 		{\LARGE Î¤Î¼Î®Î¼Î± Î Î»Î·ÏÎ¿Ï†Î¿Ï
                                          Î¹ÎºÎ®Ï‚}
You may provide a definition with
\DeclareUnicodeCharacter 


! LaTeX Error: Unicode character Î¹ (U+03B9)
               not set up for use with LaTeX.

See the LaTeX manual or LaTeX Companion for explanation.
Type  H <return>  for immediate help.
 ...                                              
                                                  
l.12 		{\LARGE Î¤Î¼Î®Î¼Î± Î Î»Î·ÏÎ¿Ï†Î¿ÏÎ¹
                                            ÎºÎ®Ï‚}
You may provide a definition with
\DeclareUnicodeCharacter 


! LaTeX Error: Unicode character Îº (U+03BA)
               not set up for use with LaTeX.

See the LaTeX manual or LaTeX Companion for explanation.
Type  H <return>  for immediate help.
 ...                                              
                                                  
l.12 		{\LARGE Î¤Î¼Î®Î¼Î± Î Î»Î·ÏÎ¿Ï†Î¿ÏÎ¹Îº
                                              Î®Ï‚}
You may provide a definition with
\DeclareUnicodeCharacter 


! LaTeX Error: Unicode character Î® (U+03AE)
               not set up for use with LaTeX.

See the LaTeX manual or LaTeX Companion for explanation.
Type  H <return>  for immediate help.
 ...                                              
                                                  
l.12 		{\LARGE Î¤Î¼Î®Î¼Î± Î Î»Î·ÏÎ¿Ï†Î¿ÏÎ¹ÎºÎ®
                                                Ï‚}
You may provide a definition with
\DeclareUnicodeCharacter 


! LaTeX Error: Unicode character Ï‚ (U+03C2)
               not set up for use with LaTeX.

See the LaTeX manual or LaTeX Companion for explanation.
Type  H <return>  for immediate help.
 ...                                              
                                                  
l.12 		{\LARGE Î¤Î¼Î®Î¼Î± Î Î»Î·ÏÎ¿Ï†Î¿ÏÎ¹ÎºÎ®Ï‚
                                                  }
You may provide a definition with
\DeclareUnicodeCharacter 

! Undefined control sequence.
l.15 		{\LARGE
               1Î· ÎˆÎºÎ¸ÎµÏƒÎ· Î ÏÎ¿ÏŒÎ´Î¿Ï… Î Ï„Ï…Ï‡Î¹Î±ÎºÎ®Ï‚ Î•ÏÎ³Î±Ïƒ...
The control sequence at the end of the top line
of your error message was never \def'ed. If you have
misspelled it (e.g., `\hobx'), type `I' and the correct
spelling (e.g., `I\hbox'). Otherwise just continue,
and I'll forget about whatever was undefined.

Missing character: There is no 1 in font nullfont!

! LaTeX Error: Unicode character Î· (U+03B7)
               not set up for use with LaTeX.

See the LaTeX manual or LaTeX Companion for explanation.
Type  H <return>  for immediate help.
 ...                                              
                                                  
l.15 		{\LARGE 1Î·
                   ÎˆÎºÎ¸ÎµÏƒÎ· Î ÏÎ¿ÏŒÎ´Î¿Ï… Î Ï„Ï…Ï‡Î¹Î±ÎºÎ®Ï‚ Î•ÏÎ³Î±Ïƒ...

You may provide a definition with
\DeclareUnicodeCharacter 


! LaTeX Error: Unicode character Îˆ (U+0388)
               not set up for use with LaTeX.

See the LaTeX manual or LaTeX Companion for explanation.
Type  H <return>  for immediate help.
 ...                                              
                                                  
l.15 		{\LARGE 1Î· Îˆ
                     ÎºÎ¸ÎµÏƒÎ· Î ÏÎ¿ÏŒÎ´Î¿Ï… Î Ï„Ï…Ï‡Î¹Î±ÎºÎ®Ï‚ Î•ÏÎ³Î±Ïƒ...

You may provide a definition with
\DeclareUnicodeCharacter 


! LaTeX Error: Unicode character Îº (U+03BA)
               not set up for use with LaTeX.

See the LaTeX manual or LaTeX Companion for explanation.
Type  H <return>  for immediate help.
 ...                                              
                                                  
l.15 		{\LARGE 1Î· ÎˆÎº
                       Î¸ÎµÏƒÎ· Î ÏÎ¿ÏŒÎ´Î¿Ï… Î Ï„Ï…Ï‡Î¹Î±ÎºÎ®Ï‚ Î•ÏÎ³Î±Ïƒ...

You may provide a definition with
\DeclareUnicodeCharacter 


! LaTeX Error: Unicode character Î¸ (U+03B8)
               not set up for use with LaTeX.

See the LaTeX manual or LaTeX Companion for explanation.
Type  H <return>  for immediate help.
 ...                                              
                                                  
l.15 		{\LARGE 1Î· ÎˆÎºÎ¸
                         ÎµÏƒÎ· Î ÏÎ¿ÏŒÎ´Î¿Ï… Î Ï„Ï…Ï‡Î¹Î±ÎºÎ®Ï‚ Î•ÏÎ³Î±Ïƒ...

You may provide a definition with
\DeclareUnicodeCharacter 


! LaTeX Error: Unicode character Îµ (U+03B5)
               not set up for use with LaTeX.

See the LaTeX manual or LaTeX Companion for explanation.
Type  H <return>  for immediate help.
 ...                                              
                                                  
l.15 		{\LARGE 1Î· ÎˆÎºÎ¸Îµ
                           ÏƒÎ· Î ÏÎ¿ÏŒÎ´Î¿Ï… Î Ï„Ï…Ï‡Î¹Î±ÎºÎ®Ï‚ Î•ÏÎ³Î±Ïƒ...

You may provide a definition with
\DeclareUnicodeCharacter 


! LaTeX Error: Unicode character Ïƒ (U+03C3)
               not set up for use with LaTeX.

See the LaTeX manual or LaTeX Companion for explanation.
Type  H <return>  for immediate help.
 ...                                              
                                                  
l.15 		{\LARGE 1Î· ÎˆÎºÎ¸ÎµÏƒ
                             Î· Î ÏÎ¿ÏŒÎ´Î¿Ï… Î Ï„Ï…Ï‡Î¹Î±ÎºÎ®Ï‚ Î•ÏÎ³Î±Ïƒ...

You may provide a definition with
\DeclareUnicodeCharacter 


! LaTeX Error: Unicode character Î· (U+03B7)
               not set up for use with LaTeX.

See the LaTeX manual or LaTeX Companion for explanation.
Type  H <return>  for immediate help.
 ...                                              
                                                  
l.15 		{\LARGE 1Î· ÎˆÎºÎ¸ÎµÏƒÎ·
                                Î ÏÎ¿ÏŒÎ´Î¿Ï… Î Ï„Ï…Ï‡Î¹Î±ÎºÎ®Ï‚ Î•ÏÎ³Î±Ïƒ...

You may provide a definition with
\DeclareUnicodeCharacter 


! LaTeX Error: Unicode character Î  (U+03A0)
               not set up for use with LaTeX.

See the LaTeX manual or LaTeX Companion for explanation.
Type  H <return>  for immediate help.
 ...                                              
                                                  
l.15 		{\LARGE 1Î· ÎˆÎºÎ¸ÎµÏƒÎ· Î 
                                  ÏÎ¿ÏŒÎ´Î¿Ï… Î Ï„Ï…Ï‡Î¹Î±ÎºÎ®Ï‚ Î•ÏÎ³Î±Ïƒ...

You may provide a definition with
\DeclareUnicodeCharacter 


! LaTeX Error: Unicode character Ï (U+03C1)
               not set up for use with LaTeX.

See the LaTeX manual or LaTeX Companion for explanation.
Type  H <return>  for immediate help.
 ...                                              
                                                  
l.15 		{\LARGE 1Î· ÎˆÎºÎ¸ÎµÏƒÎ· Î Ï
                                    Î¿ÏŒÎ´Î¿Ï… Î Ï„Ï…Ï‡Î¹Î±ÎºÎ®Ï‚ Î•ÏÎ³Î±Ïƒ...

You may provide a definition with
\DeclareUnicodeCharacter 


! LaTeX Error: Unicode character Î¿ (U+03BF)
               not set up for use with LaTeX.

See the LaTeX manual or LaTeX Companion for explanation.
Type  H <return>  for immediate help.
 ...                                              
                                                  
l.15 		{\LARGE 1Î· ÎˆÎºÎ¸ÎµÏƒÎ· Î ÏÎ¿
                                      ÏŒÎ´Î¿Ï… Î Ï„Ï…Ï‡Î¹Î±ÎºÎ®Ï‚ Î•ÏÎ³Î±Ïƒ...

You may provide a definition with
\DeclareUnicodeCharacter 


! LaTeX Error: Unicode character ÏŒ (U+03CC)
               not set up for use with LaTeX.

See the LaTeX manual or LaTeX Companion for explanation.
Type  H <return>  for immediate help.
 ...                                              
                                                  
l.15 		{\LARGE 1Î· ÎˆÎºÎ¸ÎµÏƒÎ· Î ÏÎ¿ÏŒ
                                        Î´Î¿Ï… Î Ï„Ï…Ï‡Î¹Î±ÎºÎ®Ï‚ Î•ÏÎ³Î±Ïƒ...

You may provide a definition with
\DeclareUnicodeCharacter 


! LaTeX Error: Unicode character Î´ (U+03B4)
               not set up for use with LaTeX.

See the LaTeX manual or LaTeX Companion for explanation.
Type  H <return>  for immediate help.
 ...                                              
                                                  
l.15 		{\LARGE 1Î· ÎˆÎºÎ¸ÎµÏƒÎ· Î ÏÎ¿ÏŒÎ´
                                          Î¿Ï… Î Ï„Ï…Ï‡Î¹Î±ÎºÎ®Ï‚ Î•ÏÎ³Î±Ïƒ...

You may provide a definition with
\DeclareUnicodeCharacter 


! LaTeX Error: Unicode character Î¿ (U+03BF)
               not set up for use with LaTeX.

See the LaTeX manual or LaTeX Companion for explanation.
Type  H <return>  for immediate help.
 ...                                              
                                                  
l.15 		{\LARGE 1Î· ÎˆÎºÎ¸ÎµÏƒÎ· Î ÏÎ¿ÏŒÎ´Î¿
                                            Ï… Î Ï„Ï…Ï‡Î¹Î±ÎºÎ®Ï‚ Î•ÏÎ³Î±Ïƒ...

You may provide a definition with
\DeclareUnicodeCharacter 


! LaTeX Error: Unicode character Ï… (U+03C5)
               not set up for use with LaTeX.

See the LaTeX manual or LaTeX Companion for explanation.
Type  H <return>  for immediate help.
 ...                                              
                                                  
l.15 		{\LARGE 1Î· ÎˆÎºÎ¸ÎµÏƒÎ· Î ÏÎ¿ÏŒÎ´Î¿Ï…
                                               Î Ï„Ï…Ï‡Î¹Î±ÎºÎ®Ï‚ Î•ÏÎ³Î±Ïƒ...

You may provide a definition with
\DeclareUnicodeCharacter 


! LaTeX Error: Unicode character Î  (U+03A0)
               not set up for use with LaTeX.

See the LaTeX manual or LaTeX Companion for explanation.
Type  H <return>  for immediate help.
 ...                                              
                                                  
l.15 		{\LARGE 1Î· ÎˆÎºÎ¸ÎµÏƒÎ· Î ÏÎ¿ÏŒÎ´Î¿Ï… Î 
                                                 Ï„Ï…Ï‡Î¹Î±ÎºÎ®Ï‚ Î•ÏÎ³Î±Ïƒ...

You may provide a definition with
\DeclareUnicodeCharacter 


! LaTeX Error: Unicode character Ï„ (U+03C4)
               not set up for use with LaTeX.

See the LaTeX manual or LaTeX Companion for explanation.
Type  H <return>  for immediate help.
 ...                                              
                                                  
l.15 ...LARGE 1Î· ÎˆÎºÎ¸ÎµÏƒÎ· Î ÏÎ¿ÏŒÎ´Î¿Ï… Î Ï„
                                                  Ï…Ï‡Î¹Î±ÎºÎ®Ï‚ Î•ÏÎ³Î±ÏƒÎ...

You may provide a definition with
\DeclareUnicodeCharacter 


! LaTeX Error: Unicode character Ï… (U+03C5)
               not set up for use with LaTeX.

See the LaTeX manual or LaTeX Companion for explanation.
Type  H <return>  for immediate help.
 ...                                              
                                                  
l.15 ...RGE 1Î· ÎˆÎºÎ¸ÎµÏƒÎ· Î ÏÎ¿ÏŒÎ´Î¿Ï… Î Ï„Ï…
                                                  Ï‡Î¹Î±ÎºÎ®Ï‚ Î•ÏÎ³Î±ÏƒÎ¯Î...

You may provide a definition with
\DeclareUnicodeCharacter 


! LaTeX Error: Unicode character Ï‡ (U+03C7)
               not set up for use with LaTeX.

See the LaTeX manual or LaTeX Companion for explanation.
Type  H <return>  for immediate help.
 ...                                              
                                                  
l.15 ...E 1Î· ÎˆÎºÎ¸ÎµÏƒÎ· Î ÏÎ¿ÏŒÎ´Î¿Ï… Î Ï„Ï…Ï‡
                                                  Î¹Î±ÎºÎ®Ï‚ Î•ÏÎ³Î±ÏƒÎ¯Î±Ï...

You may provide a definition with
\DeclareUnicodeCharacter 


! LaTeX Error: Unicode character Î¹ (U+03B9)
               not set up for use with LaTeX.

See the LaTeX manual or LaTeX Companion for explanation.
Type  H <return>  for immediate help.
 ...                                              
                                                  
l.15 ...1Î· ÎˆÎºÎ¸ÎµÏƒÎ· Î ÏÎ¿ÏŒÎ´Î¿Ï… Î Ï„Ï…Ï‡Î¹
                                                  Î±ÎºÎ®Ï‚ Î•ÏÎ³Î±ÏƒÎ¯Î±Ï‚ ...

You may provide a definition with
\DeclareUnicodeCharacter 


! LaTeX Error: Unicode character Î± (U+03B1)
               not set up for use with LaTeX.

See the LaTeX manual or LaTeX Companion for explanation.
Type  H <return>  for immediate help.
 ...                                              
                                                  
l.15 ...· ÎˆÎºÎ¸ÎµÏƒÎ· Î ÏÎ¿ÏŒÎ´Î¿Ï… Î Ï„Ï…Ï‡Î¹Î±
                                                  ÎºÎ®Ï‚ Î•ÏÎ³Î±ÏƒÎ¯Î±Ï‚ Î¼...

You may provide a definition with
\DeclareUnicodeCharacter 


! LaTeX Error: Unicode character Îº (U+03BA)
               not set up for use with LaTeX.

See the LaTeX manual or LaTeX Companion for explanation.
Type  H <return>  for immediate help.
 ...                                              
                                                  
l.15 ...ÎˆÎºÎ¸ÎµÏƒÎ· Î ÏÎ¿ÏŒÎ´Î¿Ï… Î Ï„Ï…Ï‡Î¹Î±Îº
                                                  Î®Ï‚ Î•ÏÎ³Î±ÏƒÎ¯Î±Ï‚ Î¼Îµ...

You may provide a definition with
\DeclareUnicodeCharacter 


! LaTeX Error: Unicode character Î® (U+03AE)
               not set up for use with LaTeX.

See the LaTeX manual or LaTeX Companion for explanation.
Type  H <return>  for immediate help.
 ...                                              
                                                  
l.15 ...ÎºÎ¸ÎµÏƒÎ· Î ÏÎ¿ÏŒÎ´Î¿Ï… Î Ï„Ï…Ï‡Î¹Î±ÎºÎ®
                                                  Ï‚ Î•ÏÎ³Î±ÏƒÎ¯Î±Ï‚ Î¼Îµ Î...

You may provide a definition with
\DeclareUnicodeCharacter 


! LaTeX Error: Unicode character Ï‚ (U+03C2)
               not set up for use with LaTeX.

See the LaTeX manual or LaTeX Companion for explanation.
Type  H <return>  for immediate help.
 ...                                              
                                                  
l.15 ...Î¸ÎµÏƒÎ· Î ÏÎ¿ÏŒÎ´Î¿Ï… Î Ï„Ï…Ï‡Î¹Î±ÎºÎ®Ï‚
                                                   Î•ÏÎ³Î±ÏƒÎ¯Î±Ï‚ Î¼Îµ Î Ï...

You may provide a definition with
\DeclareUnicodeCharacter 


! LaTeX Error: Unicode character Î• (U+0395)
               not set up for use with LaTeX.

See the LaTeX manual or LaTeX Companion for explanation.
Type  H <return>  for immediate help.
 ...                                              
                                                  
l.15 ...µÏƒÎ· Î ÏÎ¿ÏŒÎ´Î¿Ï… Î Ï„Ï…Ï‡Î¹Î±ÎºÎ®Ï‚ Î•
                                                  ÏÎ³Î±ÏƒÎ¯Î±Ï‚ Î¼Îµ Î ÏÎ¿...

You may provide a definition with
\DeclareUnicodeCharacter 


! LaTeX Error: Unicode character Ï (U+03C1)
               not set up for use with LaTeX.

See the LaTeX manual or LaTeX Companion for explanation.
Type  H <return>  for immediate help.
 ...                                              
                                                  
l.15 ...ƒÎ· Î ÏÎ¿ÏŒÎ´Î¿Ï… Î Ï„Ï…Ï‡Î¹Î±ÎºÎ®Ï‚ Î•Ï
                                                  Î³Î±ÏƒÎ¯Î±Ï‚ Î¼Îµ Î ÏÎ¿Ï„...

You may provide a definition with
\DeclareUnicodeCharacter 


! LaTeX Error: Unicode character Î³ (U+03B3)
               not set up for use with LaTeX.

See the LaTeX manual or LaTeX Companion for explanation.
Type  H <return>  for immediate help.
 ...                                              
                                                  
l.15 ...· Î ÏÎ¿ÏŒÎ´Î¿Ï… Î Ï„Ï…Ï‡Î¹Î±ÎºÎ®Ï‚ Î•ÏÎ³
                                                  Î±ÏƒÎ¯Î±Ï‚ Î¼Îµ Î ÏÎ¿Ï„Îµ...

You may provide a definition with
\DeclareUnicodeCharacter 


! LaTeX Error: Unicode character Î± (U+03B1)
               not set up for use with LaTeX.

See the LaTeX manual or LaTeX Companion for explanation.
Type  H <return>  for immediate help.
 ...                                              
                                                  
l.15 ...Î ÏÎ¿ÏŒÎ´Î¿Ï… Î Ï„Ï…Ï‡Î¹Î±ÎºÎ®Ï‚ Î•ÏÎ³Î±
                                                  ÏƒÎ¯Î±Ï‚ Î¼Îµ Î ÏÎ¿Ï„ÎµÎ¹...

You may provide a definition with
\DeclareUnicodeCharacter 


! LaTeX Error: Unicode character Ïƒ (U+03C3)
               not set up for use with LaTeX.

See the LaTeX manual or LaTeX Companion for explanation.
Type  H <return>  for immediate help.
 ...                                              
                                                  
l.15 ...ÏÎ¿ÏŒÎ´Î¿Ï… Î Ï„Ï…Ï‡Î¹Î±ÎºÎ®Ï‚ Î•ÏÎ³Î±Ïƒ
                                                  Î¯Î±Ï‚ Î¼Îµ Î ÏÎ¿Ï„ÎµÎ¹Î½...

You may provide a definition with
\DeclareUnicodeCharacter 


! LaTeX Error: Unicode character Î¯ (U+03AF)
               not set up for use with LaTeX.

See the LaTeX manual or LaTeX Companion for explanation.
Type  H <return>  for immediate help.
 ...                                              
                                                  
l.15 ...Î¿ÏŒÎ´Î¿Ï… Î Ï„Ï…Ï‡Î¹Î±ÎºÎ®Ï‚ Î•ÏÎ³Î±ÏƒÎ¯
                                                  Î±Ï‚ Î¼Îµ Î ÏÎ¿Ï„ÎµÎ¹Î½ÏŒ...

You may provide a definition with
\DeclareUnicodeCharacter 


! LaTeX Error: Unicode character Î± (U+03B1)
               not set up for use with LaTeX.

See the LaTeX manual or LaTeX Companion for explanation.
Type  H <return>  for immediate help.
 ...                                              
                                                  
l.15 ...ÏŒÎ´Î¿Ï… Î Ï„Ï…Ï‡Î¹Î±ÎºÎ®Ï‚ Î•ÏÎ³Î±ÏƒÎ¯Î±
                                                  Ï‚ Î¼Îµ Î ÏÎ¿Ï„ÎµÎ¹Î½ÏŒÎ¼...

You may provide a definition with
\DeclareUnicodeCharacter 


! LaTeX Error: Unicode character Ï‚ (U+03C2)
               not set up for use with LaTeX.

See the LaTeX manual or LaTeX Companion for explanation.
Type  H <return>  for immediate help.
 ...                                              
                                                  
l.15 ...Î´Î¿Ï… Î Ï„Ï…Ï‡Î¹Î±ÎºÎ®Ï‚ Î•ÏÎ³Î±ÏƒÎ¯Î±Ï‚
                                                   Î¼Îµ Î ÏÎ¿Ï„ÎµÎ¹Î½ÏŒÎ¼Îµ...

You may provide a definition with
\DeclareUnicodeCharacter 


! LaTeX Error: Unicode character Î¼ (U+03BC)
               not set up for use with LaTeX.

See the LaTeX manual or LaTeX Companion for explanation.
Type  H <return>  for immediate help.
 ...                                              
                                                  
l.15 ...¿Ï… Î Ï„Ï…Ï‡Î¹Î±ÎºÎ®Ï‚ Î•ÏÎ³Î±ÏƒÎ¯Î±Ï‚ Î¼
                                                  Îµ Î ÏÎ¿Ï„ÎµÎ¹Î½ÏŒÎ¼ÎµÎ½Î...

You may provide a definition with
\DeclareUnicodeCharacter 


! LaTeX Error: Unicode character Îµ (U+03B5)
               not set up for use with LaTeX.

See the LaTeX manual or LaTeX Companion for explanation.
Type  H <return>  for immediate help.
 ...                                              
                                                  
l.15 ...… Î Ï„Ï…Ï‡Î¹Î±ÎºÎ®Ï‚ Î•ÏÎ³Î±ÏƒÎ¯Î±Ï‚ Î¼Îµ
                                                   Î ÏÎ¿Ï„ÎµÎ¹Î½ÏŒÎ¼ÎµÎ½Î¿ ...

You may provide a definition with
\DeclareUnicodeCharacter 


! LaTeX Error: Unicode character Î  (U+03A0)
               not set up for use with LaTeX.

See the LaTeX manual or LaTeX Companion for explanation.
Type  H <return>  for immediate help.
 ...                                              
                                                  
l.15 ... Ï„Ï…Ï‡Î¹Î±ÎºÎ®Ï‚ Î•ÏÎ³Î±ÏƒÎ¯Î±Ï‚ Î¼Îµ Î 
                                                  ÏÎ¿Ï„ÎµÎ¹Î½ÏŒÎ¼ÎµÎ½Î¿ Î¤Î...

You may provide a definition with
\DeclareUnicodeCharacter 


! LaTeX Error: Unicode character Ï (U+03C1)
               not set up for use with LaTeX.

See the LaTeX manual or LaTeX Companion for explanation.
Type  H <return>  for immediate help.
 ...                                              
                                                  
l.15 ...„Ï…Ï‡Î¹Î±ÎºÎ®Ï‚ Î•ÏÎ³Î±ÏƒÎ¯Î±Ï‚ Î¼Îµ Î Ï
                                                  Î¿Ï„ÎµÎ¹Î½ÏŒÎ¼ÎµÎ½Î¿ Î¤Î¯Ï...

You may provide a definition with
\DeclareUnicodeCharacter 


! LaTeX Error: Unicode character Î¿ (U+03BF)
               not set up for use with LaTeX.

See the LaTeX manual or LaTeX Companion for explanation.
Type  H <return>  for immediate help.
 ...                                              
                                                  
l.15 ...…Ï‡Î¹Î±ÎºÎ®Ï‚ Î•ÏÎ³Î±ÏƒÎ¯Î±Ï‚ Î¼Îµ Î ÏÎ¿
                                                  Ï„ÎµÎ¹Î½ÏŒÎ¼ÎµÎ½Î¿ Î¤Î¯Ï„Î...

You may provide a definition with
\DeclareUnicodeCharacter 


! LaTeX Error: Unicode character Ï„ (U+03C4)
               not set up for use with LaTeX.

See the LaTeX manual or LaTeX Companion for explanation.
Type  H <return>  for immediate help.
 ...                                              
                                                  
l.15 ...‡Î¹Î±ÎºÎ®Ï‚ Î•ÏÎ³Î±ÏƒÎ¯Î±Ï‚ Î¼Îµ Î ÏÎ¿Ï„
                                                  ÎµÎ¹Î½ÏŒÎ¼ÎµÎ½Î¿ Î¤Î¯Ï„Î»Î¿}
You may provide a definition with
\DeclareUnicodeCharacter 


! LaTeX Error: Unicode character Îµ (U+03B5)
               not set up for use with LaTeX.

See the LaTeX manual or LaTeX Companion for explanation.
Type  H <return>  for immediate help.
 ...                                              
                                                  
l.15 ...¹Î±ÎºÎ®Ï‚ Î•ÏÎ³Î±ÏƒÎ¯Î±Ï‚ Î¼Îµ Î ÏÎ¿Ï„Îµ
                                                  Î¹Î½ÏŒÎ¼ÎµÎ½Î¿ Î¤Î¯Ï„Î»Î¿}
You may provide a definition with
\DeclareUnicodeCharacter 


! LaTeX Error: Unicode character Î¹ (U+03B9)
               not set up for use with LaTeX.

See the LaTeX manual or LaTeX Companion for explanation.
Type  H <return>  for immediate help.
 ...                                              
                                                  
l.15 ...±ÎºÎ®Ï‚ Î•ÏÎ³Î±ÏƒÎ¯Î±Ï‚ Î¼Îµ Î ÏÎ¿Ï„ÎµÎ¹
                                                  Î½ÏŒÎ¼ÎµÎ½Î¿ Î¤Î¯Ï„Î»Î¿}
You may provide a definition with
\DeclareUnicodeCharacter 


! LaTeX Error: Unicode character Î½ (U+03BD)
               not set up for use with LaTeX.

See the LaTeX manual or LaTeX Companion for explanation.
Type  H <return>  for immediate help.
 ...                                              
                                                  
l.15 ...ºÎ®Ï‚ Î•ÏÎ³Î±ÏƒÎ¯Î±Ï‚ Î¼Îµ Î ÏÎ¿Ï„ÎµÎ¹Î½
                                                  ÏŒÎ¼ÎµÎ½Î¿ Î¤Î¯Ï„Î»Î¿}
You may provide a definition with
\DeclareUnicodeCharacter 


! LaTeX Error: Unicode character ÏŒ (U+03CC)
               not set up for use with LaTeX.

See the LaTeX manual or LaTeX Companion for explanation.
Type  H <return>  for immediate help.
 ...                                              
                                                  
l.15 ...®Ï‚ Î•ÏÎ³Î±ÏƒÎ¯Î±Ï‚ Î¼Îµ Î ÏÎ¿Ï„ÎµÎ¹Î½ÏŒ
                                                  Î¼ÎµÎ½Î¿ Î¤Î¯Ï„Î»Î¿}
You may provide a definition with
\DeclareUnicodeCharacter 


! LaTeX Error: Unicode character Î¼ (U+03BC)
               not set up for use with LaTeX.

See the LaTeX manual or LaTeX Companion for explanation.
Type  H <return>  for immediate help.
 ...                                              
                                                  
l.15 ...‚ Î•ÏÎ³Î±ÏƒÎ¯Î±Ï‚ Î¼Îµ Î ÏÎ¿Ï„ÎµÎ¹Î½ÏŒÎ¼
                                                  ÎµÎ½Î¿ Î¤Î¯Ï„Î»Î¿}
You may provide a definition with
\DeclareUnicodeCharacter 


! LaTeX Error: Unicode character Îµ (U+03B5)
               not set up for use with LaTeX.

See the LaTeX manual or LaTeX Companion for explanation.
Type  H <return>  for immediate help.
 ...                                              
                                                  
l.15 ...Î•ÏÎ³Î±ÏƒÎ¯Î±Ï‚ Î¼Îµ Î ÏÎ¿Ï„ÎµÎ¹Î½ÏŒÎ¼Îµ
                                                  Î½Î¿ Î¤Î¯Ï„Î»Î¿}
You may provide a definition with
\DeclareUnicodeCharacter 


! LaTeX Error: Unicode character Î½ (U+03BD)
               not set up for use with LaTeX.

See the LaTeX manual or LaTeX Companion for explanation.
Type  H <return>  for immediate help.
 ...                                              
                                                  
l.15 ...ÏÎ³Î±ÏƒÎ¯Î±Ï‚ Î¼Îµ Î ÏÎ¿Ï„ÎµÎ¹Î½ÏŒÎ¼ÎµÎ½
                                                  Î¿ Î¤Î¯Ï„Î»Î¿}
You may provide a definition with
\DeclareUnicodeCharacter 


! LaTeX Error: Unicode character Î¿ (U+03BF)
               not set up for use with LaTeX.

See the LaTeX manual or LaTeX Companion for explanation.
Type  H <return>  for immediate help.
 ...                                              
                                                  
l.15 ...Î³Î±ÏƒÎ¯Î±Ï‚ Î¼Îµ Î ÏÎ¿Ï„ÎµÎ¹Î½ÏŒÎ¼ÎµÎ½Î¿
                                                   Î¤Î¯Ï„Î»Î¿}
You may provide a definition with
\DeclareUnicodeCharacter 


! LaTeX Error: Unicode character Î¤ (U+03A4)
               not set up for use with LaTeX.

See the LaTeX manual or LaTeX Companion for explanation.
Type  H <return>  for immediate help.
 ...                                              
                                                  
l.15 ...±ÏƒÎ¯Î±Ï‚ Î¼Îµ Î ÏÎ¿Ï„ÎµÎ¹Î½ÏŒÎ¼ÎµÎ½Î¿ Î¤
                                                  Î¯Ï„Î»Î¿}
You may provide a definition with
\DeclareUnicodeCharacter 


! LaTeX Error: Unicode character Î¯ (U+03AF)
               not set up for use with LaTeX.

See the LaTeX manual or LaTeX Companion for explanation.
Type  H <return>  for immediate help.
 ...                                              
                                                  
l.15 ...ƒÎ¯Î±Ï‚ Î¼Îµ Î ÏÎ¿Ï„ÎµÎ¹Î½ÏŒÎ¼ÎµÎ½Î¿ Î¤Î¯
                                                  Ï„Î»Î¿}
You may provide a definition with
\DeclareUnicodeCharacter 


! LaTeX Error: Unicode character Ï„ (U+03C4)
               not set up for use with LaTeX.

See the LaTeX manual or LaTeX Companion for explanation.
Type  H <return>  for immediate help.
 ...                                              
                                                  
l.15 ...¯Î±Ï‚ Î¼Îµ Î ÏÎ¿Ï„ÎµÎ¹Î½ÏŒÎ¼ÎµÎ½Î¿ Î¤Î¯Ï„
                                                  Î»Î¿}
You may provide a definition with
\DeclareUnicodeCharacter 


! LaTeX Error: Unicode character Î» (U+03BB)
               not set up for use with LaTeX.

See the LaTeX manual or LaTeX Companion for explanation.
Type  H <return>  for immediate help.
 ...                                              
                                                  
l.15 ...±Ï‚ Î¼Îµ Î ÏÎ¿Ï„ÎµÎ¹Î½ÏŒÎ¼ÎµÎ½Î¿ Î¤Î¯Ï„Î»
                                                  Î¿}
You may provide a definition with
\DeclareUnicodeCharacter 


! LaTeX Error: Unicode character Î¿ (U+03BF)
               not set up for use with LaTeX.

See the LaTeX manual or LaTeX Companion for explanation.
Type  H <return>  for immediate help.
 ...                                              
                                                  
l.15 ...‚ Î¼Îµ Î ÏÎ¿Ï„ÎµÎ¹Î½ÏŒÎ¼ÎµÎ½Î¿ Î¤Î¯Ï„Î»Î¿
                                                  }
You may provide a definition with
\DeclareUnicodeCharacter 

! Undefined control sequence.
l.19 		{\LARGE
               ST\_Visions+: Î•Ï€Î­ÎºÏ„Î±ÏƒÎ· Ï„Î·Ï‚ Î’Î¹Î²Î»Î¹Î¿Î¸Î®ÎºÎ·Ï‚ ...
The control sequence at the end of the top line
of your error message was never \def'ed. If you have
misspelled it (e.g., `\hobx'), type `I' and the correct
spelling (e.g., `I\hbox'). Otherwise just continue,
and I'll forget about whatever was undefined.

Missing character: There is no S in font nullfont!
Missing character: There is no T in font nullfont!
Missing character: There is no V in font nullfont!
Missing character: There is no i in font nullfont!
Missing character: There is no s in font nullfont!
Missing character: There is no i in font nullfont!
Missing character: There is no o in font nullfont!
Missing character: There is no n in font nullfont!
Missing character: There is no s in font nullfont!
Missing character: There is no + in font nullfont!
Missing character: There is no : in font nullfont!

! LaTeX Error: Unicode character Î• (U+0395)
               not set up for use with LaTeX.

See the LaTeX manual or LaTeX Companion for explanation.
Type  H <return>  for immediate help.
 ...                                              
                                                  
l.19 		{\LARGE ST\_Visions+: Î•
                               Ï€Î­ÎºÏ„Î±ÏƒÎ· Ï„Î·Ï‚ Î’Î¹Î²Î»Î¹Î¿Î¸Î®ÎºÎ·Ï‚ ...

You may provide a definition with
\DeclareUnicodeCharacter 


! LaTeX Error: Unicode character Ï€ (U+03C0)
               not set up for use with LaTeX.

See the LaTeX manual or LaTeX Companion for explanation.
Type  H <return>  for immediate help.
 ...                                              
                                                  
l.19 		{\LARGE ST\_Visions+: Î•Ï€
                                 Î­ÎºÏ„Î±ÏƒÎ· Ï„Î·Ï‚ Î’Î¹Î²Î»Î¹Î¿Î¸Î®ÎºÎ·Ï‚ ...

You may provide a definition with
\DeclareUnicodeCharacter 


! LaTeX Error: Unicode character Î­ (U+03AD)
               not set up for use with LaTeX.

See the LaTeX manual or LaTeX Companion for explanation.
Type  H <return>  for immediate help.
 ...                                              
                                                  
l.19 		{\LARGE ST\_Visions+: Î•Ï€Î­
                                   ÎºÏ„Î±ÏƒÎ· Ï„Î·Ï‚ Î’Î¹Î²Î»Î¹Î¿Î¸Î®ÎºÎ·Ï‚ ...

You may provide a definition with
\DeclareUnicodeCharacter 


! LaTeX Error: Unicode character Îº (U+03BA)
               not set up for use with LaTeX.

See the LaTeX manual or LaTeX Companion for explanation.
Type  H <return>  for immediate help.
 ...                                              
                                                  
l.19 		{\LARGE ST\_Visions+: Î•Ï€Î­Îº
                                     Ï„Î±ÏƒÎ· Ï„Î·Ï‚ Î’Î¹Î²Î»Î¹Î¿Î¸Î®ÎºÎ·Ï‚ ...

You may provide a definition with
\DeclareUnicodeCharacter 


! LaTeX Error: Unicode character Ï„ (U+03C4)
               not set up for use with LaTeX.

See the LaTeX manual or LaTeX Companion for explanation.
Type  H <return>  for immediate help.
 ...                                              
                                                  
l.19 		{\LARGE ST\_Visions+: Î•Ï€Î­ÎºÏ„
                                       Î±ÏƒÎ· Ï„Î·Ï‚ Î’Î¹Î²Î»Î¹Î¿Î¸Î®ÎºÎ·Ï‚ ...

You may provide a definition with
\DeclareUnicodeCharacter 


! LaTeX Error: Unicode character Î± (U+03B1)
               not set up for use with LaTeX.

See the LaTeX manual or LaTeX Companion for explanation.
Type  H <return>  for immediate help.
 ...                                              
                                                  
l.19 		{\LARGE ST\_Visions+: Î•Ï€Î­ÎºÏ„Î±
                                         ÏƒÎ· Ï„Î·Ï‚ Î’Î¹Î²Î»Î¹Î¿Î¸Î®ÎºÎ·Ï‚ ...

You may provide a definition with
\DeclareUnicodeCharacter 


! LaTeX Error: Unicode character Ïƒ (U+03C3)
               not set up for use with LaTeX.

See the LaTeX manual or LaTeX Companion for explanation.
Type  H <return>  for immediate help.
 ...                                              
                                                  
l.19 		{\LARGE ST\_Visions+: Î•Ï€Î­ÎºÏ„Î±Ïƒ
                                           Î· Ï„Î·Ï‚ Î’Î¹Î²Î»Î¹Î¿Î¸Î®ÎºÎ·Ï‚ ...

You may provide a definition with
\DeclareUnicodeCharacter 


! LaTeX Error: Unicode character Î· (U+03B7)
               not set up for use with LaTeX.

See the LaTeX manual or LaTeX Companion for explanation.
Type  H <return>  for immediate help.
 ...                                              
                                                  
l.19 		{\LARGE ST\_Visions+: Î•Ï€Î­ÎºÏ„Î±ÏƒÎ·
                                              Ï„Î·Ï‚ Î’Î¹Î²Î»Î¹Î¿Î¸Î®ÎºÎ·Ï‚ ...

You may provide a definition with
\DeclareUnicodeCharacter 


! LaTeX Error: Unicode character Ï„ (U+03C4)
               not set up for use with LaTeX.

See the LaTeX manual or LaTeX Companion for explanation.
Type  H <return>  for immediate help.
 ...                                              
                                                  
l.19 		{\LARGE ST\_Visions+: Î•Ï€Î­ÎºÏ„Î±ÏƒÎ· Ï„
                                                Î·Ï‚ Î’Î¹Î²Î»Î¹Î¿Î¸Î®ÎºÎ·Ï‚ ...

You may provide a definition with
\DeclareUnicodeCharacter 


! LaTeX Error: Unicode character Î· (U+03B7)
               not set up for use with LaTeX.

See the LaTeX manual or LaTeX Companion for explanation.
Type  H <return>  for immediate help.
 ...                                              
                                                  
l.19 		{\LARGE ST\_Visions+: Î•Ï€Î­ÎºÏ„Î±ÏƒÎ· Ï„Î·
                                                  Ï‚ Î’Î¹Î²Î»Î¹Î¿Î¸Î®ÎºÎ·Ï‚ ...

You may provide a definition with
\DeclareUnicodeCharacter 


! LaTeX Error: Unicode character Ï‚ (U+03C2)
               not set up for use with LaTeX.

See the LaTeX manual or LaTeX Companion for explanation.
Type  H <return>  for immediate help.
 ...                                              
                                                  
l.19 ...ARGE ST\_Visions+: Î•Ï€Î­ÎºÏ„Î±ÏƒÎ· Ï„Î·Ï‚
                                                   Î’Î¹Î²Î»Î¹Î¿Î¸Î®ÎºÎ·Ï‚ ST...

You may provide a definition with
\DeclareUnicodeCharacter 


! LaTeX Error: Unicode character Î’ (U+0392)
               not set up for use with LaTeX.

See the LaTeX manual or LaTeX Companion for explanation.
Type  H <return>  for immediate help.
 ...                                              
                                                  
l.19 ...E ST\_Visions+: Î•Ï€Î­ÎºÏ„Î±ÏƒÎ· Ï„Î·Ï‚ Î’
                                                  Î¹Î²Î»Î¹Î¿Î¸Î®ÎºÎ·Ï‚ ST\_V...

You may provide a definition with
\DeclareUnicodeCharacter 


! LaTeX Error: Unicode character Î¹ (U+03B9)
               not set up for use with LaTeX.

See the LaTeX manual or LaTeX Companion for explanation.
Type  H <return>  for immediate help.
 ...                                              
                                                  
l.19 ...ST\_Visions+: Î•Ï€Î­ÎºÏ„Î±ÏƒÎ· Ï„Î·Ï‚ Î’Î¹
                                                  Î²Î»Î¹Î¿Î¸Î®ÎºÎ·Ï‚ ST\_Vis...

You may provide a definition with
\DeclareUnicodeCharacter 


! LaTeX Error: Unicode character Î² (U+03B2)
               not set up for use with LaTeX.

See the LaTeX manual or LaTeX Companion for explanation.
Type  H <return>  for immediate help.
 ...                                              
                                                  
l.19 ...\_Visions+: Î•Ï€Î­ÎºÏ„Î±ÏƒÎ· Ï„Î·Ï‚ Î’Î¹Î²
                                                  Î»Î¹Î¿Î¸Î®ÎºÎ·Ï‚ ST\_Visio...

You may provide a definition with
\DeclareUnicodeCharacter 


! LaTeX Error: Unicode character Î» (U+03BB)
               not set up for use with LaTeX.

See the LaTeX manual or LaTeX Companion for explanation.
Type  H <return>  for immediate help.
 ...                                              
                                                  
l.19 ...Visions+: Î•Ï€Î­ÎºÏ„Î±ÏƒÎ· Ï„Î·Ï‚ Î’Î¹Î²Î»
                                                  Î¹Î¿Î¸Î®ÎºÎ·Ï‚ ST\_Visions...

You may provide a definition with
\DeclareUnicodeCharacter 


! LaTeX Error: Unicode character Î¹ (U+03B9)
               not set up for use with LaTeX.

See the LaTeX manual or LaTeX Companion for explanation.
Type  H <return>  for immediate help.
 ...                                              
                                                  
l.19 ...sions+: Î•Ï€Î­ÎºÏ„Î±ÏƒÎ· Ï„Î·Ï‚ Î’Î¹Î²Î»Î¹
                                                  Î¿Î¸Î®ÎºÎ·Ï‚ ST\_Visions Î...

You may provide a definition with
\DeclareUnicodeCharacter 


! LaTeX Error: Unicode character Î¿ (U+03BF)
               not set up for use with LaTeX.

See the LaTeX manual or LaTeX Companion for explanation.
Type  H <return>  for immediate help.
 ...                                              
                                                  
l.19 ...ons+: Î•Ï€Î­ÎºÏ„Î±ÏƒÎ· Ï„Î·Ï‚ Î’Î¹Î²Î»Î¹Î¿
                                                  Î¸Î®ÎºÎ·Ï‚ ST\_Visions Î³Î...

You may provide a definition with
\DeclareUnicodeCharacter 


! LaTeX Error: Unicode character Î¸ (U+03B8)
               not set up for use with LaTeX.

See the LaTeX manual or LaTeX Companion for explanation.
Type  H <return>  for immediate help.
 ...                                              
                                                  
l.19 ...s+: Î•Ï€Î­ÎºÏ„Î±ÏƒÎ· Ï„Î·Ï‚ Î’Î¹Î²Î»Î¹Î¿Î¸
                                                  Î®ÎºÎ·Ï‚ ST\_Visions Î³Î¹Î...

You may provide a definition with
\DeclareUnicodeCharacter 


! LaTeX Error: Unicode character Î® (U+03AE)
               not set up for use with LaTeX.

See the LaTeX manual or LaTeX Companion for explanation.
Type  H <return>  for immediate help.
 ...                                              
                                                  
l.19 ...: Î•Ï€Î­ÎºÏ„Î±ÏƒÎ· Ï„Î·Ï‚ Î’Î¹Î²Î»Î¹Î¿Î¸Î®
                                                  ÎºÎ·Ï‚ ST\_Visions Î³Î¹Î± ...

You may provide a definition with
\DeclareUnicodeCharacter 


! LaTeX Error: Unicode character Îº (U+03BA)
               not set up for use with LaTeX.

See the LaTeX manual or LaTeX Companion for explanation.
Type  H <return>  for immediate help.
 ...                                              
                                                  
l.19 ...Î•Ï€Î­ÎºÏ„Î±ÏƒÎ· Ï„Î·Ï‚ Î’Î¹Î²Î»Î¹Î¿Î¸Î®Îº
                                                  Î·Ï‚ ST\_Visions Î³Î¹Î± Î‘...

You may provide a definition with
\DeclareUnicodeCharacter 


! LaTeX Error: Unicode character Î· (U+03B7)
               not set up for use with LaTeX.

See the LaTeX manual or LaTeX Companion for explanation.
Type  H <return>  for immediate help.
 ...                                              
                                                  
l.19 ...Ï€Î­ÎºÏ„Î±ÏƒÎ· Ï„Î·Ï‚ Î’Î¹Î²Î»Î¹Î¿Î¸Î®ÎºÎ·
                                                  Ï‚ ST\_Visions Î³Î¹Î± Î‘Î½...

You may provide a definition with
\DeclareUnicodeCharacter 


! LaTeX Error: Unicode character Ï‚ (U+03C2)
               not set up for use with LaTeX.

See the LaTeX manual or LaTeX Companion for explanation.
Type  H <return>  for immediate help.
 ...                                              
                                                  
l.19 ...Î­ÎºÏ„Î±ÏƒÎ· Ï„Î·Ï‚ Î’Î¹Î²Î»Î¹Î¿Î¸Î®ÎºÎ·Ï‚
                                                   ST\_Visions Î³Î¹Î± Î‘Î½Î¬...

You may provide a definition with
\DeclareUnicodeCharacter 

Missing character: There is no S in font nullfont!
Missing character: There is no T in font nullfont!
Missing character: There is no V in font nullfont!
Missing character: There is no i in font nullfont!
Missing character: There is no s in font nullfont!
Missing character: There is no i in font nullfont!
Missing character: There is no o in font nullfont!
Missing character: There is no n in font nullfont!
Missing character: There is no s in font nullfont!

! LaTeX Error: Unicode character Î³ (U+03B3)
               not set up for use with LaTeX.

See the LaTeX manual or LaTeX Companion for explanation.
Type  H <return>  for immediate help.
 ...                                              
                                                  
l.19 ...Î·Ï‚ Î’Î¹Î²Î»Î¹Î¿Î¸Î®ÎºÎ·Ï‚ ST\_Visions Î³
                                                  Î¹Î± Î‘Î½Î¬Î»Ï…ÏƒÎ· ÎºÎ±Î¹...

You may provide a definition with
\DeclareUnicodeCharacter 


! LaTeX Error: Unicode character Î¹ (U+03B9)
               not set up for use with LaTeX.

See the LaTeX manual or LaTeX Companion for explanation.
Type  H <return>  for immediate help.
 ...                                              
                                                  
l.19 ...Ï‚ Î’Î¹Î²Î»Î¹Î¿Î¸Î®ÎºÎ·Ï‚ ST\_Visions Î³Î¹
                                                  Î± Î‘Î½Î¬Î»Ï…ÏƒÎ· ÎºÎ±Î¹ Î...

You may provide a definition with
\DeclareUnicodeCharacter 


! LaTeX Error: Unicode character Î± (U+03B1)
               not set up for use with LaTeX.

See the LaTeX manual or LaTeX Companion for explanation.
Type  H <return>  for immediate help.
 ...                                              
                                                  
l.19 ... Î’Î¹Î²Î»Î¹Î¿Î¸Î®ÎºÎ·Ï‚ ST\_Visions Î³Î¹Î±
                                                   Î‘Î½Î¬Î»Ï…ÏƒÎ· ÎºÎ±Î¹ ÎŸÏ...

You may provide a definition with
\DeclareUnicodeCharacter 


! LaTeX Error: Unicode character Î‘ (U+0391)
               not set up for use with LaTeX.

See the LaTeX manual or LaTeX Companion for explanation.
Type  H <return>  for immediate help.
 ...                                              
                                                  
l.19 ...Î¹Î²Î»Î¹Î¿Î¸Î®ÎºÎ·Ï‚ ST\_Visions Î³Î¹Î± Î‘
                                                  Î½Î¬Î»Ï…ÏƒÎ· ÎºÎ±Î¹ ÎŸÏ€Ï„...

You may provide a definition with
\DeclareUnicodeCharacter 


! LaTeX Error: Unicode character Î½ (U+03BD)
               not set up for use with LaTeX.

See the LaTeX manual or LaTeX Companion for explanation.
Type  H <return>  for immediate help.
 ...                                              
                                                  
l.19 ...Î²Î»Î¹Î¿Î¸Î®ÎºÎ·Ï‚ ST\_Visions Î³Î¹Î± Î‘Î½
                                                  Î¬Î»Ï…ÏƒÎ· ÎºÎ±Î¹ ÎŸÏ€Ï„Î¹...

You may provide a definition with
\DeclareUnicodeCharacter 


! LaTeX Error: Unicode character Î¬ (U+03AC)
               not set up for use with LaTeX.

See the LaTeX manual or LaTeX Companion for explanation.
Type  H <return>  for immediate help.
 ...                                              
                                                  
l.19 ...Î»Î¹Î¿Î¸Î®ÎºÎ·Ï‚ ST\_Visions Î³Î¹Î± Î‘Î½Î¬
                                                  Î»Ï…ÏƒÎ· ÎºÎ±Î¹ ÎŸÏ€Ï„Î¹Îº...

You may provide a definition with
\DeclareUnicodeCharacter 


! LaTeX Error: Unicode character Î» (U+03BB)
               not set up for use with LaTeX.

See the LaTeX manual or LaTeX Companion for explanation.
Type  H <return>  for immediate help.
 ...                                              
                                                  
l.19 ...Î¹Î¿Î¸Î®ÎºÎ·Ï‚ ST\_Visions Î³Î¹Î± Î‘Î½Î¬Î»
                                                  Ï…ÏƒÎ· ÎºÎ±Î¹ ÎŸÏ€Ï„Î¹ÎºÎ¿...

You may provide a definition with
\DeclareUnicodeCharacter 


! LaTeX Error: Unicode character Ï… (U+03C5)
               not set up for use with LaTeX.

See the LaTeX manual or LaTeX Companion for explanation.
Type  H <return>  for immediate help.
 ...                                              
                                                  
l.19 ...Î¿Î¸Î®ÎºÎ·Ï‚ ST\_Visions Î³Î¹Î± Î‘Î½Î¬Î»Ï…
                                                  ÏƒÎ· ÎºÎ±Î¹ ÎŸÏ€Ï„Î¹ÎºÎ¿Ï€...

You may provide a definition with
\DeclareUnicodeCharacter 


! LaTeX Error: Unicode character Ïƒ (U+03C3)
               not set up for use with LaTeX.

See the LaTeX manual or LaTeX Companion for explanation.
Type  H <return>  for immediate help.
 ...                                              
                                                  
l.19 ...Î¸Î®ÎºÎ·Ï‚ ST\_Visions Î³Î¹Î± Î‘Î½Î¬Î»Ï…Ïƒ
                                                  Î· ÎºÎ±Î¹ ÎŸÏ€Ï„Î¹ÎºÎ¿Ï€Î¿...

You may provide a definition with
\DeclareUnicodeCharacter 


! LaTeX Error: Unicode character Î· (U+03B7)
               not set up for use with LaTeX.

See the LaTeX manual or LaTeX Companion for explanation.
Type  H <return>  for immediate help.
 ...                                              
                                                  
l.19 ...Î®ÎºÎ·Ï‚ ST\_Visions Î³Î¹Î± Î‘Î½Î¬Î»Ï…ÏƒÎ·
                                                   ÎºÎ±Î¹ ÎŸÏ€Ï„Î¹ÎºÎ¿Ï€Î¿Î¯...

You may provide a definition with
\DeclareUnicodeCharacter 


! LaTeX Error: Unicode character Îº (U+03BA)
               not set up for use with LaTeX.

See the LaTeX manual or LaTeX Companion for explanation.
Type  H <return>  for immediate help.
 ...                                              
                                                  
l.19 ...ºÎ·Ï‚ ST\_Visions Î³Î¹Î± Î‘Î½Î¬Î»Ï…ÏƒÎ· Îº
                                                  Î±Î¹ ÎŸÏ€Ï„Î¹ÎºÎ¿Ï€Î¿Î¯Î·Ï...

You may provide a definition with
\DeclareUnicodeCharacter 


! LaTeX Error: Unicode character Î± (U+03B1)
               not set up for use with LaTeX.

See the LaTeX manual or LaTeX Companion for explanation.
Type  H <return>  for immediate help.
 ...                                              
                                                  
l.19 ...·Ï‚ ST\_Visions Î³Î¹Î± Î‘Î½Î¬Î»Ï…ÏƒÎ· ÎºÎ±
                                                  Î¹ ÎŸÏ€Ï„Î¹ÎºÎ¿Ï€Î¿Î¯Î·ÏƒÎ...

You may provide a definition with
\DeclareUnicodeCharacter 


! LaTeX Error: Unicode character Î¹ (U+03B9)
               not set up for use with LaTeX.

See the LaTeX manual or LaTeX Companion for explanation.
Type  H <return>  for immediate help.
 ...                                              
                                                  
l.19 ...‚ ST\_Visions Î³Î¹Î± Î‘Î½Î¬Î»Ï…ÏƒÎ· ÎºÎ±Î¹
                                                   ÎŸÏ€Ï„Î¹ÎºÎ¿Ï€Î¿Î¯Î·ÏƒÎ· ...

You may provide a definition with
\DeclareUnicodeCharacter 


! LaTeX Error: Unicode character ÎŸ (U+039F)
               not set up for use with LaTeX.

See the LaTeX manual or LaTeX Companion for explanation.
Type  H <return>  for immediate help.
 ...                                              
                                                  
l.19 ...T\_Visions Î³Î¹Î± Î‘Î½Î¬Î»Ï…ÏƒÎ· ÎºÎ±Î¹ ÎŸ
                                                  Ï€Ï„Î¹ÎºÎ¿Ï€Î¿Î¯Î·ÏƒÎ· ÏÎ...

You may provide a definition with
\DeclareUnicodeCharacter 


! LaTeX Error: Unicode character Ï€ (U+03C0)
               not set up for use with LaTeX.

See the LaTeX manual or LaTeX Companion for explanation.
Type  H <return>  for immediate help.
 ...                                              
                                                  
l.19 ..._Visions Î³Î¹Î± Î‘Î½Î¬Î»Ï…ÏƒÎ· ÎºÎ±Î¹ ÎŸÏ€
                                                  Ï„Î¹ÎºÎ¿Ï€Î¿Î¯Î·ÏƒÎ· ÏÎ¿Ï...

You may provide a definition with
\DeclareUnicodeCharacter 


! LaTeX Error: Unicode character Ï„ (U+03C4)
               not set up for use with LaTeX.

See the LaTeX manual or LaTeX Companion for explanation.
Type  H <return>  for immediate help.
 ...                                              
                                                  
l.19 ...isions Î³Î¹Î± Î‘Î½Î¬Î»Ï…ÏƒÎ· ÎºÎ±Î¹ ÎŸÏ€Ï„
                                                  Î¹ÎºÎ¿Ï€Î¿Î¯Î·ÏƒÎ· ÏÎ¿ÏÎ...

You may provide a definition with
\DeclareUnicodeCharacter 


! LaTeX Error: Unicode character Î¹ (U+03B9)
               not set up for use with LaTeX.

See the LaTeX manual or LaTeX Companion for explanation.
Type  H <return>  for immediate help.
 ...                                              
                                                  
l.19 ...ions Î³Î¹Î± Î‘Î½Î¬Î»Ï…ÏƒÎ· ÎºÎ±Î¹ ÎŸÏ€Ï„Î¹
                                                  ÎºÎ¿Ï€Î¿Î¯Î·ÏƒÎ· ÏÎ¿ÏÎ½ ...

You may provide a definition with
\DeclareUnicodeCharacter 


! LaTeX Error: Unicode character Îº (U+03BA)
               not set up for use with LaTeX.

See the LaTeX manual or LaTeX Companion for explanation.
Type  H <return>  for immediate help.
 ...                                              
                                                  
l.19 ...ns Î³Î¹Î± Î‘Î½Î¬Î»Ï…ÏƒÎ· ÎºÎ±Î¹ ÎŸÏ€Ï„Î¹Îº
                                                  Î¿Ï€Î¿Î¯Î·ÏƒÎ· ÏÎ¿ÏÎ½ Î§...

You may provide a definition with
\DeclareUnicodeCharacter 


! LaTeX Error: Unicode character Î¿ (U+03BF)
               not set up for use with LaTeX.

See the LaTeX manual or LaTeX Companion for explanation.
Type  H <return>  for immediate help.
 ...                                              
                                                  
l.19 ... Î³Î¹Î± Î‘Î½Î¬Î»Ï…ÏƒÎ· ÎºÎ±Î¹ ÎŸÏ€Ï„Î¹ÎºÎ¿
                                                  Ï€Î¿Î¯Î·ÏƒÎ· ÏÎ¿ÏÎ½ Î§Ï‰...

You may provide a definition with
\DeclareUnicodeCharacter 


! LaTeX Error: Unicode character Ï€ (U+03C0)
               not set up for use with LaTeX.

See the LaTeX manual or LaTeX Companion for explanation.
Type  H <return>  for immediate help.
 ...                                              
                                                  
l.19 ...³Î¹Î± Î‘Î½Î¬Î»Ï…ÏƒÎ· ÎºÎ±Î¹ ÎŸÏ€Ï„Î¹ÎºÎ¿Ï€
                                                  Î¿Î¯Î·ÏƒÎ· ÏÎ¿ÏÎ½ Î§Ï‰Ï...

You may provide a definition with
\DeclareUnicodeCharacter 


! LaTeX Error: Unicode character Î¿ (U+03BF)
               not set up for use with LaTeX.

See the LaTeX manual or LaTeX Companion for explanation.
Type  H <return>  for immediate help.
 ...                                              
                                                  
l.19 ...¹Î± Î‘Î½Î¬Î»Ï…ÏƒÎ· ÎºÎ±Î¹ ÎŸÏ€Ï„Î¹ÎºÎ¿Ï€Î¿
                                                  Î¯Î·ÏƒÎ· ÏÎ¿ÏÎ½ Î§Ï‰ÏÎ¿...

You may provide a definition with
\DeclareUnicodeCharacter 


! LaTeX Error: Unicode character Î¯ (U+03AF)
               not set up for use with LaTeX.

See the LaTeX manual or LaTeX Companion for explanation.
Type  H <return>  for immediate help.
 ...                                              
                                                  
l.19 ...± Î‘Î½Î¬Î»Ï…ÏƒÎ· ÎºÎ±Î¹ ÎŸÏ€Ï„Î¹ÎºÎ¿Ï€Î¿Î¯
                                                  Î·ÏƒÎ· ÏÎ¿ÏÎ½ Î§Ï‰ÏÎ¿Ï‡...

You may provide a definition with
\DeclareUnicodeCharacter 


! LaTeX Error: Unicode character Î· (U+03B7)
               not set up for use with LaTeX.

See the LaTeX manual or LaTeX Companion for explanation.
Type  H <return>  for immediate help.
 ...                                              
                                                  
l.19 ...Î‘Î½Î¬Î»Ï…ÏƒÎ· ÎºÎ±Î¹ ÎŸÏ€Ï„Î¹ÎºÎ¿Ï€Î¿Î¯Î·
                                                  ÏƒÎ· ÏÎ¿ÏÎ½ Î§Ï‰ÏÎ¿Ï‡Ï...

You may provide a definition with
\DeclareUnicodeCharacter 


! LaTeX Error: Unicode character Ïƒ (U+03C3)
               not set up for use with LaTeX.

See the LaTeX manual or LaTeX Companion for explanation.
Type  H <return>  for immediate help.
 ...                                              
                                                  
l.19 ...Î½Î¬Î»Ï…ÏƒÎ· ÎºÎ±Î¹ ÎŸÏ€Ï„Î¹ÎºÎ¿Ï€Î¿Î¯Î·Ïƒ
                                                  Î· ÏÎ¿ÏÎ½ Î§Ï‰ÏÎ¿Ï‡ÏÎ¿...

You may provide a definition with
\DeclareUnicodeCharacter 


! LaTeX Error: Unicode character Î· (U+03B7)
               not set up for use with LaTeX.

See the LaTeX manual or LaTeX Companion for explanation.
Type  H <return>  for immediate help.
 ...                                              
                                                  
l.19 ...Î¬Î»Ï…ÏƒÎ· ÎºÎ±Î¹ ÎŸÏ€Ï„Î¹ÎºÎ¿Ï€Î¿Î¯Î·ÏƒÎ·
                                                   ÏÎ¿ÏÎ½ Î§Ï‰ÏÎ¿Ï‡ÏÎ¿Î½...

You may provide a definition with
\DeclareUnicodeCharacter 


! LaTeX Error: Unicode character Ï (U+03C1)
               not set up for use with LaTeX.

See the LaTeX manual or LaTeX Companion for explanation.
Type  H <return>  for immediate help.
 ...                                              
                                                  
l.19 ...»Ï…ÏƒÎ· ÎºÎ±Î¹ ÎŸÏ€Ï„Î¹ÎºÎ¿Ï€Î¿Î¯Î·ÏƒÎ· Ï
                                                  Î¿ÏÎ½ Î§Ï‰ÏÎ¿Ï‡ÏÎ¿Î½Î¹Î...

You may provide a definition with
\DeclareUnicodeCharacter 


! LaTeX Error: Unicode character Î¿ (U+03BF)
               not set up for use with LaTeX.

See the LaTeX manual or LaTeX Companion for explanation.
Type  H <return>  for immediate help.
 ...                                              
                                                  
l.19 ...…ÏƒÎ· ÎºÎ±Î¹ ÎŸÏ€Ï„Î¹ÎºÎ¿Ï€Î¿Î¯Î·ÏƒÎ· ÏÎ¿
                                                  ÏÎ½ Î§Ï‰ÏÎ¿Ï‡ÏÎ¿Î½Î¹ÎºÏ...
(That makes 100 errors; please try again.) 
Here is how much of TeX's memory you used:
 67 strings out of 467870
 892 string characters out of 5435183
 433736 words of memory out of 5000000
 29044 multiletter control sequences out of 15000+600000
 628327 words of font info for 42 fonts, out of 8000000 for 9000
 1141 hyphenation exceptions out of 8191
 19i,1n,20p,262b,160s stack positions out of 10000i,1000n,20000p,200000b,200000s

!  ==> Fatal error occurred, no output PDF file produced!
